2024-06-06 15:34:11,482 - \u0410\u043d\u043e\u043c\u0430\u043b\u044c\u043d\u043e\u0435 \u043f\u043e\u0432\u0435\u0434\u0435\u043d\u0438\u0435 \u043e\u0431\u043d\u0430\u0440\u0443\u0436\u0435\u043d\u043e \u0432 \u0438\u043d\u0434\u0435\u043a\u0441\u0435 1: [ 0.78461941 -1.16913488  0.1955577  -0.65644758  0.88451987 -0.02813109
  0.72371776 -0.3644752 ]
2024-06-06 15:34:11,483 - \u0410\u043d\u043e\u043c\u0430\u043b\u044c\u043d\u043e\u0435 \u043f\u043e\u0432\u0435\u0434\u0435\u043d\u0438\u0435 \u043e\u0431\u043d\u0430\u0440\u0443\u0436\u0435\u043d\u043e \u0432 \u0438\u043d\u0434\u0435\u043a\u0441\u0435 3: [-0.70840913 -1.47397597 -0.76421608 -0.77076299  0.66781089 -1.25122193
  1.09153718 -0.07863537]
2024-06-06 15:34:11,483 - \u0410\u043d\u043e\u043c\u0430\u043b\u044c\u043d\u043e\u0435 \u043f\u043e\u0432\u0435\u0434\u0435\u043d\u0438\u0435 \u043e\u0431\u043d\u0430\u0440\u0443\u0436\u0435\u043d\u043e \u0432 \u0438\u043d\u0434\u0435\u043a\u0441\u0435 4: [ 1.47051187 -0.58023731  0.21083165 -0.66683989  0.73119107  1.19495975
 -0.53713138  1.13981748]
2024-06-06 15:34:11,483 - \u0410\u043d\u043e\u043c\u0430\u043b\u044c\u043d\u043e\u0435 \u043f\u043e\u0432\u0435\u0434\u0435\u043d\u0438\u0435 \u043e\u0431\u043d\u0430\u0440\u0443\u0436\u0435\u043d\u043e \u0432 \u0438\u043d\u0434\u0435\u043a\u0441\u0435 7: [-0.73958606  0.58716552 -0.75323955  0.34121418 -0.87006524 -1.25122193
 -0.39627169 -1.0693853 ]
2024-06-06 15:34:11,483 - \u0410\u043d\u043e\u043c\u0430\u043b\u044c\u043d\u043e\u0435 \u043f\u043e\u0432\u0435\u0434\u0435\u043d\u0438\u0435 \u043e\u0431\u043d\u0430\u0440\u0443\u0436\u0435\u043d\u043e \u0432 \u0438\u043d\u0434\u0435\u043a\u0441\u0435 9: [-0.78808351  0.71533734  1.76276882 -0.29618084  0.83095615 -0.02813109
 -0.31292684  1.08721741]
2024-06-06 15:34:11,484 - \u0410\u043d\u043e\u043c\u0430\u043b\u044c\u043d\u043e\u0435 \u043f\u043e\u0432\u0435\u0434\u0435\u043d\u0438\u0435 \u043e\u0431\u043d\u0430\u0440\u0443\u0436\u0435\u043d\u043e \u0432 \u0438\u043d\u0434\u0435\u043a\u0441\u0435 10: [-1.25573746  0.55945269 -1.112048   -0.21650646 -0.41077239 -0.02813109
  1.11047919  1.15712013]
2024-06-06 15:34:11,484 - \u0410\u043d\u043e\u043c\u0430\u043b\u044c\u043d\u043e\u0435 \u043f\u043e\u0432\u0435\u0434\u0435\u043d\u0438\u0435 \u043e\u0431\u043d\u0430\u0440\u0443\u0436\u0435\u043d\u043e \u0432 \u0438\u043d\u0434\u0435\u043a\u0441\u0435 12: [ 0.0536936  -0.80193992  0.17438127  1.0859964   0.32972996 -1.25122193
  0.9634203  -0.26100533]
2024-06-06 15:34:11,484 - \u0410\u043d\u043e\u043c\u0430\u043b\u044c\u043d\u043e\u0435 \u043f\u043e\u0432\u0435\u0434\u0435\u043d\u0438\u0435 \u043e\u0431\u043d\u0430\u0440\u0443\u0436\u0435\u043d\u043e \u0432 \u0438\u043d\u0434\u0435\u043a\u0441\u0435 13: [ 0.99939382 -0.56291679 -0.24231288  0.76037068  1.11184555  1.19495975
 -0.94180161  1.27581633]
2024-06-06 15:34:11,484 - \u0410\u043d\u043e\u043c\u0430\u043b\u044c\u043d\u043e\u0435 \u043f\u043e\u0432\u0435\u0434\u0435\u043d\u0438\u0435 \u043e\u0431\u043d\u0430\u0440\u0443\u0436\u0435\u043d\u043e \u0432 \u0438\u043d\u0434\u0435\u043a\u0441\u0435 15: [ 0.48670652  1.54325804 -0.9373554   0.52827576 -0.62774812  1.19495975
  0.1082746  -0.24923953]
2024-06-06 15:34:11,484 - \u0410\u043d\u043e\u043c\u0430\u043b\u044c\u043d\u043e\u0435 \u043f\u043e\u0432\u0435\u0434\u0435\u043d\u0438\u0435 \u043e\u0431\u043d\u0430\u0440\u0443\u0436\u0435\u043d\u043e \u0432 \u0438\u043d\u0434\u0435\u043a\u0441\u0435 17: [ 0.63566296  1.32155543 -0.73170068 -1.17952719  0.94053769 -0.02813109
 -0.61152182  0.48439297]
2024-06-06 15:34:11,484 - \u0410\u043d\u043e\u043c\u0430\u043b\u044c\u043d\u043e\u0435 \u043f\u043e\u0432\u0435\u0434\u0435\u043d\u0438\u0435 \u043e\u0431\u043d\u0430\u0440\u0443\u0436\u0435\u043d\u043e \u0432 \u0438\u043d\u0434\u0435\u043a\u0441\u0435 18: [-0.30310904  0.42088856  0.19006943 -1.69221449  1.63505207  1.19495975
  0.43235519  0.66503267]
2024-06-06 15:34:11,485 - \u0410\u043d\u043e\u043c\u0430\u043b\u044c\u043d\u043e\u0435 \u043f\u043e\u0432\u0435\u0434\u0435\u043d\u0438\u0435 \u043e\u0431\u043d\u0430\u0440\u0443\u0436\u0435\u043d\u043e \u0432 \u0438\u043d\u0434\u0435\u043a\u0441\u0435 19: [-1.48436828 -1.2938426  -1.25603737 -0.06408591  0.1753875  -1.25122193
 -1.34474985 -0.60775051]
2024-06-06 15:34:11,485 - \u0410\u043d\u043e\u043c\u0430\u043b\u044c\u043d\u043e\u0435 \u043f\u043e\u0432\u0435\u0434\u0435\u043d\u0438\u0435 \u043e\u0431\u043d\u0430\u0440\u0443\u0436\u0435\u043d\u043e \u0432 \u0438\u043d\u0434\u0435\u043a\u0441\u0435 22: [-0.93011175 -1.73031962 -0.29300169  0.99939382  0.04195837 -1.25122193
  1.1252884  -0.45825558]
2024-06-06 15:34:11,485 - \u0410\u043d\u043e\u043c\u0430\u043b\u044c\u043d\u043e\u0435 \u043f\u043e\u0432\u0435\u0434\u0435\u043d\u0438\u0435 \u043e\u0431\u043d\u0430\u0440\u0443\u0436\u0435\u043d\u043e \u0432 \u0438\u043d\u0434\u0435\u043a\u0441\u0435 23: [ 1.23495284 -0.0536936  -1.18106556  0.14722439  0.3118576  -1.25122193
  0.76848979  1.07683582]
2024-06-06 15:34:11,485 - \u0410\u043d\u043e\u043c\u0430\u043b\u044c\u043d\u043e\u0435 \u043f\u043e\u0432\u0435\u0434\u0435\u043d\u0438\u0435 \u043e\u0431\u043d\u0430\u0440\u0443\u0436\u0435\u043d\u043e \u0432 \u0438\u043d\u0434\u0435\u043a\u0441\u0435 26: [-0.42781676 -1.1899195   0.72750547 -0.59409372 -0.11334439  1.19495975
  0.70339815  1.42081257]
2024-06-06 15:34:11,485 - \u0410\u043d\u043e\u043c\u0430\u043b\u044c\u043d\u043e\u0435 \u043f\u043e\u0432\u0435\u0434\u0435\u043d\u0438\u0435 \u043e\u0431\u043d\u0430\u0440\u0443\u0436\u0435\u043d\u043e \u0432 \u0438\u043d\u0434\u0435\u043a\u0441\u0435 31: [-0.95782458  0.02598078  1.21233698  1.22802464 -0.74677266 -0.02813109
 -1.62750241 -0.26135139]
2024-06-06 15:34:11,485 - \u0410\u043d\u043e\u043c\u0430\u043b\u044c\u043d\u043e\u0435 \u043f\u043e\u0432\u0435\u0434\u0435\u043d\u0438\u0435 \u043e\u0431\u043d\u0430\u0440\u0443\u0436\u0435\u043d\u043e \u0432 \u0438\u043d\u0434\u0435\u043a\u0441\u0435 32: [-1.02017844 -0.24075518 -1.23620711 -0.27886032 -1.50002574 -0.02813109
 -0.10731992 -0.68353613]
2024-06-06 15:34:11,486 - \u0410\u043d\u043e\u043c\u0430\u043b\u044c\u043d\u043e\u0435 \u043f\u043e\u0432\u0435\u0434\u0435\u043d\u0438\u0435 \u043e\u0431\u043d\u0430\u0440\u0443\u0436\u0435\u043d\u043e \u0432 \u0438\u043d\u0434\u0435\u043a\u0441\u0435 34: [-0.12990388 -0.08833464 -1.29543899 -0.14029619  0.22110872 -0.02813109
 -0.05083829 -0.56034124]
2024-06-06 15:34:11,486 - \u0410\u043d\u043e\u043c\u0430\u043b\u044c\u043d\u043e\u0435 \u043f\u043e\u0432\u0435\u0434\u0435\u043d\u0438\u0435 \u043e\u0431\u043d\u0430\u0440\u0443\u0436\u0435\u043d\u043e \u0432 \u0438\u043d\u0434\u0435\u043a\u0441\u0435 37: [ 1.37698108  1.41162211 -1.57953451 -1.09985281 -0.13175025  1.19495975
 -0.0601371  -0.59633075]
2024-06-06 15:34:11,486 - \u0410\u043d\u043e\u043c\u0430\u043b\u044c\u043d\u043e\u0435 \u043f\u043e\u0432\u0435\u0434\u0435\u043d\u0438\u0435 \u043e\u0431\u043d\u0430\u0440\u0443\u0436\u0435\u043d\u043e \u0432 \u0438\u043d\u0434\u0435\u043a\u0441\u0435 40: [ 0.64951938  1.17952719 -0.85280501 -0.40010394  0.96833321 -0.02813109
 -0.59636821  0.88581453]
2024-06-06 15:34:11,486 - \u0410\u043d\u043e\u043c\u0430\u043b\u044c\u043d\u043e\u0435 \u043f\u043e\u0432\u0435\u0434\u0435\u043d\u0438\u0435 \u043e\u0431\u043d\u0430\u0440\u0443\u0436\u0435\u043d\u043e \u0432 \u0438\u043d\u0434\u0435\u043a\u0441\u0435 41: [ 1.50861701  0.64605527 -0.82815958  1.61600421  0.71513262 -1.25122193
 -1.05097648 -0.64027949]
2024-06-06 15:34:11,486 - \u0410\u043d\u043e\u043c\u0430\u043b\u044c\u043d\u043e\u0435 \u043f\u043e\u0432\u0435\u0434\u0435\u043d\u0438\u0435 \u043e\u0431\u043d\u0430\u0440\u0443\u0436\u0435\u043d\u043e \u0432 \u0438\u043d\u0434\u0435\u043a\u0441\u0435 43: [ 0.18532953  0.30657315  1.65564405  0.21304236 -0.10870292  1.19495975
 -0.62874183  0.15875703]
2024-06-06 15:34:11,486 - \u0410\u043d\u043e\u043c\u0430\u043b\u044c\u043d\u043e\u0435 \u043f\u043e\u0432\u0435\u0434\u0435\u043d\u0438\u0435 \u043e\u0431\u043d\u0430\u0440\u0443\u0436\u0435\u043d\u043e \u0432 \u0438\u043d\u0434\u0435\u043a\u0441\u0435 45: [-0.44860138 -0.50749114  0.92855211 -0.61487834  0.52083078 -1.25122193
 -0.18687637  0.33316778]
2024-06-06 15:34:11,487 - \u0410\u043d\u043e\u043c\u0430\u043b\u044c\u043d\u043e\u0435 \u043f\u043e\u0432\u0435\u0434\u0435\u043d\u0438\u0435 \u043e\u0431\u043d\u0430\u0440\u0443\u0436\u0435\u043d\u043e \u0432 \u0438\u043d\u0434\u0435\u043a\u0441\u0435 47: [ 1.33887594 -1.09985281 -1.31247333 -0.71533734 -0.62625431  1.19495975
  0.40239237 -1.10641297]
2024-06-06 15:34:11,487 - \u0410\u043d\u043e\u043c\u0430\u043b\u044c\u043d\u043e\u0435 \u043f\u043e\u0432\u0435\u0434\u0435\u043d\u0438\u0435 \u043e\u0431\u043d\u0430\u0440\u0443\u0436\u0435\u043d\u043e \u0432 \u0438\u043d\u0434\u0435\u043a\u0441\u0435 52: [-0.19225774 -0.74305017  0.04183443 -1.45665546 -0.94694304  1.19495975
 -0.77407871 -0.31810409]
2024-06-06 15:34:11,487 - \u0410\u043d\u043e\u043c\u0430\u043b\u044c\u043d\u043e\u0435 \u043f\u043e\u0432\u0435\u0434\u0435\u043d\u0438\u0435 \u043e\u0431\u043d\u0430\u0440\u0443\u0436\u0435\u043d\u043e \u0432 \u0438\u043d\u0434\u0435\u043a\u0441\u0435 53: [-0.58716552 -0.45206549  0.51108132 -1.22456053  0.08485202 -0.02813109
 -1.52900396  1.35298616]
2024-06-06 15:34:11,487 - \u0410\u043d\u043e\u043c\u0430\u043b\u044c\u043d\u043e\u0435 \u043f\u043e\u0432\u0435\u0434\u0435\u043d\u0438\u0435 \u043e\u0431\u043d\u0430\u0440\u0443\u0436\u0435\u043d\u043e \u0432 \u0438\u043d\u0434\u0435\u043a\u0441\u0435 55: [ 1.67835807  0.99939382 -0.89676293  0.58370141  1.08431679 -0.02813109
  0.52224364  0.55394964]
2024-06-06 15:34:11,487 - \u0410\u043d\u043e\u043c\u0430\u043b\u044c\u043d\u043e\u0435 \u043f\u043e\u0432\u0435\u0434\u0435\u043d\u0438\u0435 \u043e\u0431\u043d\u0430\u0440\u0443\u0436\u0435\u043d\u043e \u0432 \u0438\u043d\u0434\u0435\u043a\u0441\u0435 63: [ 0.27193211  1.12756564 -0.03769368  1.0825323  -1.33271916 -1.25122193
  0.37070756 -1.4704608 ]
2024-06-06 15:34:11,487 - \u0410\u043d\u043e\u043c\u0430\u043b\u044c\u043d\u043e\u0435 \u043f\u043e\u0432\u0435\u0434\u0435\u043d\u0438\u0435 \u043e\u0431\u043d\u0430\u0440\u0443\u0436\u0435\u043d\u043e \u0432 \u0438\u043d\u0434\u0435\u043a\u0441\u0435 64: [-1.0894605   1.66796576 -1.26520174  0.95782458 -1.04452076 -0.02813109
 -1.34027265  0.02033581]
2024-06-06 15:34:11,487 - \u0410\u043d\u043e\u043c\u0430\u043b\u044c\u043d\u043e\u0435 \u043f\u043e\u0432\u0435\u0434\u0435\u043d\u0438\u0435 \u043e\u0431\u043d\u0430\u0440\u0443\u0436\u0435\u043d\u043e \u0432 \u0438\u043d\u0434\u0435\u043a\u0441\u0435 68: [-0.55945269  0.13336798 -1.5407542  -0.26500391 -1.06874181  1.19495975
  0.791909    1.14362406]
2024-06-06 15:34:11,487 - \u0410\u043d\u043e\u043c\u0430\u043b\u044c\u043d\u043e\u0435 \u043f\u043e\u0432\u0435\u0434\u0435\u043d\u0438\u0435 \u043e\u0431\u043d\u0430\u0440\u0443\u0436\u0435\u043d\u043e \u0432 \u0438\u043d\u0434\u0435\u043a\u0441\u0435 69: [-0.61487834  0.90239892 -1.00487145 -1.56404266 -0.78865266 -1.25122193
  1.19175764  0.3691573 ]
2024-06-06 15:34:11,488 - \u0410\u043d\u043e\u043c\u0430\u043b\u044c\u043d\u043e\u0435 \u043f\u043e\u0432\u0435\u0434\u0435\u043d\u0438\u0435 \u043e\u0431\u043d\u0430\u0440\u0443\u0436\u0435\u043d\u043e \u0432 \u0438\u043d\u0434\u0435\u043a\u0441\u0435 71: [-0.73265786 -1.22802464 -0.03919519  1.24534515  0.2767531  -1.25122193
  1.17970363  0.48439297]
2024-06-06 15:34:11,488 - \u0410\u043d\u043e\u043c\u0430\u043b\u044c\u043d\u043e\u0435 \u043f\u043e\u0432\u0435\u0434\u0435\u043d\u0438\u0435 \u043e\u0431\u043d\u0430\u0440\u0443\u0436\u0435\u043d\u043e \u0432 \u0438\u043d\u0434\u0435\u043a\u0441\u0435 75: [ 0.02944488 -0.94396816  0.98540228 -1.07213999  0.77941975 -0.02813109
 -1.62578041 -0.47659639]
2024-06-06 15:34:11,488 - \u0410\u043d\u043e\u043c\u0430\u043b\u044c\u043d\u043e\u0435 \u043f\u043e\u0432\u0435\u0434\u0435\u043d\u0438\u0435 \u043e\u0431\u043d\u0430\u0440\u0443\u0436\u0435\u043d\u043e \u0432 \u0438\u043d\u0434\u0435\u043a\u0441\u0435 76: [ 0.74997837 -0.52827576 -1.28487666  1.49129649  1.57540642  1.19495975
  0.1020754   0.41275998]
2024-06-06 15:34:11,488 - \u0410\u043d\u043e\u043c\u0430\u043b\u044c\u043d\u043e\u0435 \u043f\u043e\u0432\u0435\u0434\u0435\u043d\u0438\u0435 \u043e\u0431\u043d\u0430\u0440\u0443\u0436\u0435\u043d\u043e \u0432 \u0438\u043d\u0434\u0435\u043a\u0441\u0435 77: [ 1.49476059 -0.16800901  1.42358352  0.90586303 -1.52253957 -1.25122193
 -0.09939872 -0.68838087]
2024-06-06 15:34:11,488 - \u0410\u043d\u043e\u043c\u0430\u043b\u044c\u043d\u043e\u0435 \u043f\u043e\u0432\u0435\u0434\u0435\u043d\u0438\u0435 \u043e\u0431\u043d\u0430\u0440\u0443\u0436\u0435\u043d\u043e \u0432 \u0438\u043d\u0434\u0435\u043a\u0441\u0435 78: [-0.93357585  1.15181436 -0.55778472  0.13336798 -1.15244845 -1.25122193
 -0.53678698 -0.9794115 ]
2024-06-06 15:34:11,488 - \u0410\u043d\u043e\u043c\u0430\u043b\u044c\u043d\u043e\u0435 \u043f\u043e\u0432\u0435\u0434\u0435\u043d\u0438\u0435 \u043e\u0431\u043d\u0430\u0440\u0443\u0436\u0435\u043d\u043e \u0432 \u0438\u043d\u0434\u0435\u043a\u0441\u0435 79: [ 0.42088856  1.44972725  0.9571843  -0.47977831  0.05791011 -0.02813109
  1.50240662 -0.63820318]
2024-06-06 15:34:11,488 - \u0410\u043d\u043e\u043c\u0430\u043b\u044c\u043d\u043e\u0435 \u043f\u043e\u0432\u0435\u0434\u0435\u043d\u0438\u0435 \u043e\u0431\u043d\u0430\u0440\u0443\u0436\u0435\u043d\u043e \u0432 \u0438\u043d\u0434\u0435\u043a\u0441\u0435 81: [-0.92664765 -0.3654629  -1.4776909  -0.27193211 -0.83704139 -1.25122193
 -0.14348195  1.55577326]
2024-06-06 15:34:11,488 - \u0410\u043d\u043e\u043c\u0430\u043b\u044c\u043d\u043e\u0435 \u043f\u043e\u0432\u0435\u0434\u0435\u043d\u0438\u0435 \u043e\u0431\u043d\u0430\u0440\u0443\u0436\u0435\u043d\u043e \u0432 \u0438\u043d\u0434\u0435\u043a\u0441\u0435 83: [-0.31350135 -0.19572184  1.59791368 -1.38390929  0.30166769 -0.02813109
  0.1027642  -0.26411981]
2024-06-06 15:34:11,488 - \u0410\u043d\u043e\u043c\u0430\u043b\u044c\u043d\u043e\u0435 \u043f\u043e\u0432\u0435\u0434\u0435\u043d\u0438\u0435 \u043e\u0431\u043d\u0430\u0440\u0443\u0436\u0435\u043d\u043e \u0432 \u0438\u043d\u0434\u0435\u043a\u0441\u0435 85: [-1.23495284 -0.90239892 -1.29818312  1.30769901 -0.77979651 -0.02813109
 -0.35494367 -0.11324067]
2024-06-06 15:34:11,489 - \u0410\u043d\u043e\u043c\u0430\u043b\u044c\u043d\u043e\u0435 \u043f\u043e\u0432\u0435\u0434\u0435\u043d\u0438\u0435 \u043e\u0431\u043d\u0430\u0440\u0443\u0436\u0435\u043d\u043e \u0432 \u0438\u043d\u0434\u0435\u043a\u0441\u0435 86: [ 1.40815801  1.21416822 -1.09418524 -1.73031962 -0.67506984 -0.02813109
  0.45749641 -1.22753155]
2024-06-06 15:34:11,489 - \u0410\u043d\u043e\u043c\u0430\u043b\u044c\u043d\u043e\u0435 \u043f\u043e\u0432\u0435\u0434\u0435\u043d\u0438\u0435 \u043e\u0431\u043d\u0430\u0440\u0443\u0436\u0435\u043d\u043e \u0432 \u0438\u043d\u0434\u0435\u043a\u0441\u0435 91: [-0.76037068  1.24188105 -1.10076081  0.08833464  0.59872224  1.19495975
 -0.43484452  0.98513176]
2024-06-06 15:34:11,489 - \u0410\u043d\u043e\u043c\u0430\u043b\u044c\u043d\u043e\u0435 \u043f\u043e\u0432\u0435\u0434\u0435\u043d\u0438\u0435 \u043e\u0431\u043d\u0430\u0440\u0443\u0436\u0435\u043d\u043e \u0432 \u0438\u043d\u0434\u0435\u043a\u0441\u0435 94: [-0.12643977 -1.24880926  0.09915058  1.7026068  -1.15901054 -1.25122193
  0.55633926 -1.22234075]
2024-06-06 15:34:11,489 - \u0410\u043d\u043e\u043c\u0430\u043b\u044c\u043d\u043e\u0435 \u043f\u043e\u0432\u0435\u0434\u0435\u043d\u0438\u0435 \u043e\u0431\u043d\u0430\u0440\u0443\u0436\u0435\u043d\u043e \u0432 \u0438\u043d\u0434\u0435\u043a\u0441\u0435 97: [ 1.32155543 -0.4659219  -1.49710694 -0.5733091   1.41044725  1.19495975
  0.53326445  0.76746438]
2024-06-06 15:34:11,489 - \u0410\u043d\u043e\u043c\u0430\u043b\u044c\u043d\u043e\u0435 \u043f\u043e\u0432\u0435\u0434\u0435\u043d\u0438\u0435 \u043e\u0431\u043d\u0430\u0440\u0443\u0436\u0435\u043d\u043e \u0432 \u0438\u043d\u0434\u0435\u043a\u0441\u0435 98: [ 1.12410154  0.79847582  0.4608585  -1.66796576  1.36830051 -1.25122193
 -1.30962103  1.61183386]
2024-06-06 15:34:11,489 - \u0410\u043d\u043e\u043c\u0430\u043b\u044c\u043d\u043e\u0435 \u043f\u043e\u0432\u0435\u0434\u0435\u043d\u0438\u0435 \u043e\u0431\u043d\u0430\u0440\u0443\u0436\u0435\u043d\u043e \u0432 \u0438\u043d\u0434\u0435\u043a\u0441\u0435 107: [-0.2546116  -1.38737339  0.91162132 -0.19918594  0.29046413 -1.25122193
 -0.84192555 -0.65654399]
2024-06-06 15:34:11,489 - \u0410\u043d\u043e\u043c\u0430\u043b\u044c\u043d\u043e\u0435 \u043f\u043e\u0432\u0435\u0434\u0435\u043d\u0438\u0435 \u043e\u0431\u043d\u0430\u0440\u0443\u0436\u0435\u043d\u043e \u0432 \u0438\u043d\u0434\u0435\u043a\u0441\u0435 109: [ 0.01558847  0.40703214  0.80542852  1.65410935 -0.79334749 -0.02813109
 -0.231304   -1.36560672]
2024-06-06 15:34:11,490 - \u0410\u043d\u043e\u043c\u0430\u043b\u044c\u043d\u043e\u0435 \u043f\u043e\u0432\u0435\u0434\u0435\u043d\u0438\u0435 \u043e\u0431\u043d\u0430\u0440\u0443\u0436\u0435\u043d\u043e \u0432 \u0438\u043d\u0434\u0435\u043a\u0441\u0435 110: [ 0.80540403  0.44513728 -1.10899321  0.99592971 -1.51379012  1.19495975
 -0.4134917   0.18886365]
2024-06-06 15:34:11,490 - \u0410\u043d\u043e\u043c\u0430\u043b\u044c\u043d\u043e\u0435 \u043f\u043e\u0432\u0435\u0434\u0435\u043d\u0438\u0435 \u043e\u0431\u043d\u0430\u0440\u0443\u0436\u0435\u043d\u043e \u0432 \u0438\u043d\u0434\u0435\u043a\u0441\u0435 114: [ 0.27886032  0.08833464 -1.31702962 -0.23382698 -0.6672807   1.19495975
  1.08568237  0.804146  ]
2024-06-06 15:34:11,490 - \u0410\u043d\u043e\u043c\u0430\u043b\u044c\u043d\u043e\u0435 \u043f\u043e\u0432\u0435\u0434\u0435\u043d\u0438\u0435 \u043e\u0431\u043d\u0430\u0440\u0443\u0436\u0435\u043d\u043e \u0432 \u0438\u043d\u0434\u0435\u043a\u0441\u0435 115: [-1.06174768  0.53866807  1.39697059 -0.76729889 -0.35470121 -0.02813109
 -0.94180161 -1.1268301 ]
2024-06-06 15:34:11,490 - \u0410\u043d\u043e\u043c\u0430\u043b\u044c\u043d\u043e\u0435 \u043f\u043e\u0432\u0435\u0434\u0435\u043d\u0438\u0435 \u043e\u0431\u043d\u0430\u0440\u0443\u0436\u0435\u043d\u043e \u0432 \u0438\u043d\u0434\u0435\u043a\u0441\u0435 118: [ 0.64259117  1.42201442 -0.33866822  0.45206549  1.32668726 -0.02813109
 -0.67558026 -1.58500436]
2024-06-06 15:34:11,490 - \u0410\u043d\u043e\u043c\u0430\u043b\u044c\u043d\u043e\u0435 \u043f\u043e\u0432\u0435\u0434\u0435\u043d\u0438\u0435 \u043e\u0431\u043d\u0430\u0440\u0443\u0436\u0435\u043d\u043e \u0432 \u0438\u043d\u0434\u0435\u043a\u0441\u0435 121: [-0.11951157  0.49709883  0.99886407  0.49709883 -0.24533307 -1.25122193
 -0.35322167  0.0926609 ]
2024-06-06 15:34:11,490 - \u0410\u043d\u043e\u043c\u0430\u043b\u044c\u043d\u043e\u0435 \u043f\u043e\u0432\u0435\u0434\u0435\u043d\u0438\u0435 \u043e\u0431\u043d\u0430\u0440\u0443\u0436\u0435\u043d\u043e \u0432 \u0438\u043d\u0434\u0435\u043a\u0441\u0435 122: [ 1.64371704 -0.469386   -0.06793093  1.48090418 -1.41669255 -0.02813109
 -0.21029558 -1.17250911]
2024-06-06 15:34:11,491 - \u0410\u043d\u043e\u043c\u0430\u043b\u044c\u043d\u043e\u0435 \u043f\u043e\u0432\u0435\u0434\u0435\u043d\u0438\u0435 \u043e\u0431\u043d\u0430\u0440\u0443\u0436\u0435\u043d\u043e \u0432 \u0438\u043d\u0434\u0435\u043a\u0441\u0435 125: [-0.99592971 -0.670304   -1.25904038 -1.37005287  0.40255314  1.19495975
 -0.76443551 -1.29605005]
2024-06-06 15:34:11,491 - \u0410\u043d\u043e\u043c\u0430\u043b\u044c\u043d\u043e\u0435 \u043f\u043e\u0432\u0435\u0434\u0435\u043d\u0438\u0435 \u043e\u0431\u043d\u0430\u0440\u0443\u0436\u0435\u043d\u043e \u0432 \u0438\u043d\u0434\u0435\u043a\u0441\u0435 126: [ 1.34234005 -0.80886813 -1.04924358 -1.26266567 -0.60720824  1.19495975
 -0.35666567 -0.43264765]
2024-06-06 15:34:11,491 - \u0410\u043d\u043e\u043c\u0430\u043b\u044c\u043d\u043e\u0435 \u043f\u043e\u0432\u0435\u0434\u0435\u043d\u0438\u0435 \u043e\u0431\u043d\u0430\u0440\u0443\u0436\u0435\u043d\u043e \u0432 \u0438\u043d\u0434\u0435\u043a\u0441\u0435 128: [-0.71533734 -1.5051529  -0.61919119  0.73612196 -1.2466651  -0.02813109
  1.27889089 -0.66173478]
2024-06-06 15:34:11,491 - \u0410\u043d\u043e\u043c\u0430\u043b\u044c\u043d\u043e\u0435 \u043f\u043e\u0432\u0435\u0434\u0435\u043d\u0438\u0435 \u043e\u0431\u043d\u0430\u0440\u0443\u0436\u0435\u043d\u043e \u0432 \u0438\u043d\u0434\u0435\u043a\u0441\u0435 129: [ 1.13449385  1.50861701 -0.57202315  1.48783239 -0.94342192 -0.02813109
 -1.17633815 -0.20183026]
2024-06-06 15:34:11,491 - \u0410\u043d\u043e\u043c\u0430\u043b\u044c\u043d\u043e\u0435 \u043f\u043e\u0432\u0435\u0434\u0435\u043d\u0438\u0435 \u043e\u0431\u043d\u0430\u0440\u0443\u0436\u0435\u043d\u043e \u0432 \u0438\u043d\u0434\u0435\u043a\u0441\u0435 130: [ 1.09292461 -1.06174768 -0.24894022 -1.41162211 -0.64892819 -1.25122193
 -1.11365731  1.49382976]
2024-06-06 15:34:11,491 - \u0410\u043d\u043e\u043c\u0430\u043b\u044c\u043d\u043e\u0435 \u043f\u043e\u0432\u0435\u0434\u0435\u043d\u0438\u0435 \u043e\u0431\u043d\u0430\u0440\u0443\u0436\u0435\u043d\u043e \u0432 \u0438\u043d\u0434\u0435\u043a\u0441\u0435 131: [ 1.0825323   1.41508622 -1.54903838  0.0536936   1.06799159 -0.02813109
 -1.38435587 -0.76382044]
2024-06-06 15:34:11,491 - \u0410\u043d\u043e\u043c\u0430\u043b\u044c\u043d\u043e\u0435 \u043f\u043e\u0432\u0435\u0434\u0435\u043d\u0438\u0435 \u043e\u0431\u043d\u0430\u0440\u0443\u0436\u0435\u043d\u043e \u0432 \u0438\u043d\u0434\u0435\u043a\u0441\u0435 135: [-1.42201442  1.48436828 -1.277628   -1.48783239  0.30385506  1.19495975
 -0.60911102  0.27503086]
2024-06-06 15:34:11,492 - \u0410\u043d\u043e\u043c\u0430\u043b\u044c\u043d\u043e\u0435 \u043f\u043e\u0432\u0435\u0434\u0435\u043d\u0438\u0435 \u043e\u0431\u043d\u0430\u0440\u0443\u0436\u0435\u043d\u043e \u0432 \u0438\u043d\u0434\u0435\u043a\u0441\u0435 137: [-0.28232442  1.56404266 -0.80589585 -1.12756564 -0.66600029 -0.02813109
  0.35555395 -1.22095654]
2024-06-06 15:34:11,492 - \u0410\u043d\u043e\u043c\u0430\u043b\u044c\u043d\u043e\u0435 \u043f\u043e\u0432\u0435\u0434\u0435\u043d\u0438\u0435 \u043e\u0431\u043d\u0430\u0440\u0443\u0436\u0435\u043d\u043e \u0432 \u0438\u043d\u0434\u0435\u043a\u0441\u0435 140: [-0.06408591  0.5663809   1.07611403  1.21070412 -1.13121502 -0.02813109
  0.6093769  -1.40021203]
2024-06-06 15:34:11,492 - \u0410\u043d\u043e\u043c\u0430\u043b\u044c\u043d\u043e\u0435 \u043f\u043e\u0432\u0435\u0434\u0435\u043d\u0438\u0435 \u043e\u0431\u043d\u0430\u0440\u0443\u0436\u0435\u043d\u043e \u0432 \u0438\u043d\u0434\u0435\u043a\u0441\u0435 141: [-0.90239892 -0.35507059  1.51149935  1.12410154  0.12000988  1.19495975
  0.40032597 -0.12812096]
2024-06-06 15:34:11,492 - \u0410\u043d\u043e\u043c\u0430\u043b\u044c\u043d\u043e\u0435 \u043f\u043e\u0432\u0435\u0434\u0435\u043d\u0438\u0435 \u043e\u0431\u043d\u0430\u0440\u0443\u0436\u0435\u043d\u043e \u0432 \u0438\u043d\u0434\u0435\u043a\u0441\u0435 142: [-1.48783239  1.03057075 -0.74925278  1.64371704  0.48188505 -1.25122193
 -1.35852586  0.05113453]
2024-06-06 15:34:11,492 - \u0410\u043d\u043e\u043c\u0430\u043b\u044c\u043d\u043e\u0435 \u043f\u043e\u0432\u0435\u0434\u0435\u043d\u0438\u0435 \u043e\u0431\u043d\u0430\u0440\u0443\u0436\u0435\u043d\u043e \u0432 \u0438\u043d\u0434\u0435\u043a\u0441\u0435 144: [-0.64951938  0.04330129 -0.66004254 -0.32389366 -1.41968017 -1.25122193
 -1.06130848  1.28619792]
2024-06-06 15:34:11,492 - \u0410\u043d\u043e\u043c\u0430\u043b\u044c\u043d\u043e\u0435 \u043f\u043e\u0432\u0435\u0434\u0435\u043d\u0438\u0435 \u043e\u0431\u043d\u0430\u0440\u0443\u0436\u0435\u043d\u043e \u0432 \u0438\u043d\u0434\u0435\u043a\u0441\u0435 145: [-0.35160649 -0.14029619  1.55923693  1.11370923  1.17853344 -0.02813109
  0.15407983  0.7252459 ]
2024-06-06 15:34:11,492 - \u0410\u043d\u043e\u043c\u0430\u043b\u044c\u043d\u043e\u0435 \u043f\u043e\u0432\u0435\u0434\u0435\u043d\u0438\u0435 \u043e\u0431\u043d\u0430\u0440\u0443\u0436\u0435\u043d\u043e \u0432 \u0438\u043d\u0434\u0435\u043a\u0441\u0435 147: [-0.47285011  1.32848363  0.33908108 -0.16800901 -0.55311103 -1.25122193
 -0.22303839  0.79445652]
2024-06-06 15:34:11,492 - \u0410\u043d\u043e\u043c\u0430\u043b\u044c\u043d\u043e\u0435 \u043f\u043e\u0432\u0435\u0434\u0435\u043d\u0438\u0435 \u043e\u0431\u043d\u0430\u0440\u0443\u0436\u0435\u043d\u043e \u0432 \u0438\u043d\u0434\u0435\u043a\u0441\u0435 150: [ 0.39663983 -1.24188105 -1.35648302 -1.13449385 -0.79953612  1.19495975
  1.1280436  -0.58629522]
2024-06-06 15:34:11,493 - \u0410\u043d\u043e\u043c\u0430\u043b\u044c\u043d\u043e\u0435 \u043f\u043e\u0432\u0435\u0434\u0435\u043d\u0438\u0435 \u043e\u0431\u043d\u0430\u0440\u0443\u0436\u0435\u043d\u043e \u0432 \u0438\u043d\u0434\u0435\u043a\u0441\u0435 153: [-0.18879363  1.44279904  0.65367274 -1.26959388 -0.27937057 -1.25122193
  0.55875007 -1.38740806]
2024-06-06 15:34:11,493 - \u0410\u043d\u043e\u043c\u0430\u043b\u044c\u043d\u043e\u0435 \u043f\u043e\u0432\u0435\u0434\u0435\u043d\u0438\u0435 \u043e\u0431\u043d\u0430\u0440\u0443\u0436\u0435\u043d\u043e \u0432 \u0438\u043d\u0434\u0435\u043a\u0441\u0435 155: [-0.41742445  0.24421929  1.3295581   1.2973067   0.53118074  1.19495975
  0.03526176  1.28204529]
2024-06-06 15:34:11,493 - \u0410\u043d\u043e\u043c\u0430\u043b\u044c\u043d\u043e\u0435 \u043f\u043e\u0432\u0435\u0434\u0435\u043d\u0438\u0435 \u043e\u0431\u043d\u0430\u0440\u0443\u0436\u0435\u043d\u043e \u0432 \u0438\u043d\u0434\u0435\u043a\u0441\u0435 157: [-1.47397597  1.07213999 -1.21684285  0.89547072 -0.92688332 -1.25122193
 -0.17241156  1.37201908]
2024-06-06 15:34:11,493 - \u0410\u043d\u043e\u043c\u0430\u043b\u044c\u043d\u043e\u0435 \u043f\u043e\u0432\u0435\u0434\u0435\u043d\u0438\u0435 \u043e\u0431\u043d\u0430\u0440\u0443\u0436\u0435\u043d\u043e \u0432 \u0438\u043d\u0434\u0435\u043a\u0441\u0435 158: [-0.94743227  1.61254011  0.13114822  1.66450166 -0.57818567  1.19495975
 -1.37505707  0.13314911]
2024-06-06 15:34:11,493 - \u0410\u043d\u043e\u043c\u0430\u043b\u044c\u043d\u043e\u0435 \u043f\u043e\u0432\u0435\u0434\u0435\u043d\u0438\u0435 \u043e\u0431\u043d\u0430\u0440\u0443\u0436\u0435\u043d\u043e \u0432 \u0438\u043d\u0434\u0435\u043a\u0441\u0435 160: [-0.57677321  0.51095524 -0.94600201  1.28345029 -1.21353456 -0.02813109
 -1.32821864  0.39614944]
2024-06-06 15:34:11,493 - \u0410\u043d\u043e\u043c\u0430\u043b\u044c\u043d\u043e\u0435 \u043f\u043e\u0432\u0435\u0434\u0435\u043d\u0438\u0435 \u043e\u0431\u043d\u0430\u0440\u0443\u0436\u0435\u043d\u043e \u0432 \u0438\u043d\u0434\u0435\u043a\u0441\u0435 161: [-1.43933494  1.64371704  1.61463737 -0.69801682 -0.44096867 -0.02813109
  0.22054907  1.05468842]
2024-06-06 15:34:11,493 - \u0410\u043d\u043e\u043c\u0430\u043b\u044c\u043d\u043e\u0435 \u043f\u043e\u0432\u0435\u0434\u0435\u043d\u0438\u0435 \u043e\u0431\u043d\u0430\u0440\u0443\u0436\u0435\u043d\u043e \u0432 \u0438\u043d\u0434\u0435\u043a\u0441\u0435 165: [-1.00632202 -1.38390929 -0.83494225  1.54672214 -1.60229829 -1.25122193
 -0.20719598 -1.37114357]
2024-06-06 15:34:11,493 - \u0410\u043d\u043e\u043c\u0430\u043b\u044c\u043d\u043e\u0435 \u043f\u043e\u0432\u0435\u0434\u0435\u043d\u0438\u0435 \u043e\u0431\u043d\u0430\u0440\u0443\u0436\u0435\u043d\u043e \u0432 \u0438\u043d\u0434\u0435\u043a\u0441\u0435 166: [-1.23841695 -0.00519616  0.00445207 -1.69567859  1.11728728 -1.25122193
 -0.42416811  0.3698494 ]
2024-06-06 15:34:11,494 - \u0410\u043d\u043e\u043c\u0430\u043b\u044c\u043d\u043e\u0435 \u043f\u043e\u0432\u0435\u0434\u0435\u043d\u0438\u0435 \u043e\u0431\u043d\u0430\u0440\u0443\u0436\u0435\u043d\u043e \u0432 \u0438\u043d\u0434\u0435\u043a\u0441\u0435 167: [-0.86429379  0.49363473  1.13436216 -1.53286573  1.71913217 -0.02813109
  0.36450835 -0.96072463]
2024-06-06 15:34:11,494 - \u0410\u043d\u043e\u043c\u0430\u043b\u044c\u043d\u043e\u0435 \u043f\u043e\u0432\u0435\u0434\u0435\u043d\u0438\u0435 \u043e\u0431\u043d\u0430\u0440\u0443\u0436\u0435\u043d\u043e \u0432 \u0438\u043d\u0434\u0435\u043a\u0441\u0435 169: [-0.50056293 -0.79847582 -1.09004315  0.74997837 -0.86227609  1.19495975
 -0.14313755  1.47237447]
2024-06-06 15:34:11,494 - \u0410\u043d\u043e\u043c\u0430\u043b\u044c\u043d\u043e\u0435 \u043f\u043e\u0432\u0435\u0434\u0435\u043d\u0438\u0435 \u043e\u0431\u043d\u0430\u0440\u0443\u0436\u0435\u043d\u043e \u0432 \u0438\u043d\u0434\u0435\u043a\u0441\u0435 170: [ 0.26500391  1.57097087 -1.45216528  1.65064524 -0.18611422 -1.25122193
  1.73556555 -0.05648797]
2024-06-06 15:34:11,494 - \u0410\u043d\u043e\u043c\u0430\u043b\u044c\u043d\u043e\u0435 \u043f\u043e\u0432\u0435\u0434\u0435\u043d\u0438\u0435 \u043e\u0431\u043d\u0430\u0440\u0443\u0436\u0435\u043d\u043e \u0432 \u0438\u043d\u0434\u0435\u043a\u0441\u0435 173: [ 1.14142205 -0.49709883 -0.13570586  0.64259117  0.70456926  1.19495975
  0.11585141 -1.17666175]
2024-06-06 15:34:11,494 - \u0410\u043d\u043e\u043c\u0430\u043b\u044c\u043d\u043e\u0435 \u043f\u043e\u0432\u0435\u0434\u0435\u043d\u0438\u0435 \u043e\u0431\u043d\u0430\u0440\u0443\u0436\u0435\u043d\u043e \u0432 \u0438\u043d\u0434\u0435\u043a\u0441\u0435 174: [-0.12297567  0.3619988  -1.16951948  1.51554521  1.73220299  1.19495975
  0.59870049 -1.27943951]
2024-06-06 15:34:11,494 - \u0410\u043d\u043e\u043c\u0430\u043b\u044c\u043d\u043e\u0435 \u043f\u043e\u0432\u0435\u0434\u0435\u043d\u0438\u0435 \u043e\u0431\u043d\u0430\u0440\u0443\u0436\u0435\u043d\u043e \u0432 \u0438\u043d\u0434\u0435\u043a\u0441\u0435 177: [-1.35273236 -1.31462722  0.7916043  -1.59521959 -1.50536077 -0.02813109
  0.58974608 -1.36768304]
2024-06-06 15:34:11,494 - \u0410\u043d\u043e\u043c\u0430\u043b\u044c\u043d\u043e\u0435 \u043f\u043e\u0432\u0435\u0434\u0435\u043d\u0438\u0435 \u043e\u0431\u043d\u0430\u0440\u0443\u0436\u0435\u043d\u043e \u0432 \u0438\u043d\u0434\u0435\u043a\u0441\u0435 179: [ 1.51554521 -0.12990388  0.23718569  1.41508622  0.14705848 -0.02813109
 -1.4391155  -0.12466043]
2024-06-06 15:34:11,494 - \u0410\u043d\u043e\u043c\u0430\u043b\u044c\u043d\u043e\u0435 \u043f\u043e\u0432\u0435\u0434\u0435\u043d\u0438\u0435 \u043e\u0431\u043d\u0430\u0440\u0443\u0436\u0435\u043d\u043e \u0432 \u0438\u043d\u0434\u0435\u043a\u0441\u0435 180: [ 1.07906819  0.89893482 -0.88765033  1.44626315 -0.43766095 -1.25122193
 -0.9170048  -0.90327982]
2024-06-06 15:34:11,494 - \u0410\u043d\u043e\u043c\u0430\u043b\u044c\u043d\u043e\u0435 \u043f\u043e\u0432\u0435\u0434\u0435\u043d\u0438\u0435 \u043e\u0431\u043d\u0430\u0440\u0443\u0436\u0435\u043d\u043e \u0432 \u0438\u043d\u0434\u0435\u043a\u0441\u0435 182: [-0.37585521  0.88854251 -1.25018666 -0.35507059 -0.80956598 -1.25122193
  0.15580183 -0.49078457]
2024-06-06 15:34:11,495 - \u0410\u043d\u043e\u043c\u0430\u043b\u044c\u043d\u043e\u0435 \u043f\u043e\u0432\u0435\u0434\u0435\u043d\u0438\u0435 \u043e\u0431\u043d\u0430\u0440\u0443\u0436\u0435\u043d\u043e \u0432 \u0438\u043d\u0434\u0435\u043a\u0441\u0435 183: [ 1.39083749  1.0894605  -0.24412504  0.06755002 -1.18461869 -0.02813109
  1.16386122 -0.6579282 ]
2024-06-06 15:34:11,495 - \u0410\u043d\u043e\u043c\u0430\u043b\u044c\u043d\u043e\u0435 \u043f\u043e\u0432\u0435\u0434\u0435\u043d\u0438\u0435 \u043e\u0431\u043d\u0430\u0440\u0443\u0436\u0435\u043d\u043e \u0432 \u0438\u043d\u0434\u0435\u043a\u0441\u0435 185: [-1.28691439  0.13683208 -1.50772104 -0.42781676 -1.2812361   1.19495975
 -0.16104636 -0.72990724]
2024-06-06 15:34:11,495 - \u0410\u043d\u043e\u043c\u0430\u043b\u044c\u043d\u043e\u0435 \u043f\u043e\u0432\u0435\u0434\u0435\u043d\u0438\u0435 \u043e\u0431\u043d\u0430\u0440\u0443\u0436\u0435\u043d\u043e \u0432 \u0438\u043d\u0434\u0435\u043a\u0441\u0435 186: [ 1.04789126 -0.28925263  0.81345382 -0.95089637 -0.7616574  -0.02813109
 -0.08872231 -0.39908051]
2024-06-06 15:34:11,495 - \u0410\u043d\u043e\u043c\u0430\u043b\u044c\u043d\u043e\u0435 \u043f\u043e\u0432\u0435\u0434\u0435\u043d\u0438\u0435 \u043e\u0431\u043d\u0430\u0440\u0443\u0436\u0435\u043d\u043e \u0432 \u0438\u043d\u0434\u0435\u043a\u0441\u0435 187: [ 1.03403485 -0.6772322  -1.49301663 -0.24075518  1.49762167  1.19495975
 -0.00468866  1.31941902]
2024-06-06 15:34:11,495 - \u0410\u043d\u043e\u043c\u0430\u043b\u044c\u043d\u043e\u0435 \u043f\u043e\u0432\u0435\u0434\u0435\u043d\u0438\u0435 \u043e\u0431\u043d\u0430\u0440\u0443\u0436\u0435\u043d\u043e \u0432 \u0438\u043d\u0434\u0435\u043a\u0441\u0435 188: [ 0.96821689 -1.34234005  0.62421213  0.19225774  0.77317776 -0.02813109
  1.33916092 -1.23791314]
2024-06-06 15:34:11,495 - \u0410\u043d\u043e\u043c\u0430\u043b\u044c\u043d\u043e\u0435 \u043f\u043e\u0432\u0435\u0434\u0435\u043d\u0438\u0435 \u043e\u0431\u043d\u0430\u0440\u0443\u0436\u0435\u043d\u043e \u0432 \u0438\u043d\u0434\u0435\u043a\u0441\u0435 189: [-1.14488616 -0.1506885   1.02941198  1.64025293 -1.64055046 -0.02813109
 -1.05028768 -1.46215553]
2024-06-06 15:34:11,495 - \u0410\u043d\u043e\u043c\u0430\u043b\u044c\u043d\u043e\u0435 \u043f\u043e\u0432\u0435\u0434\u0435\u043d\u0438\u0435 \u043e\u0431\u043d\u0430\u0440\u0443\u0436\u0435\u043d\u043e \u0432 \u0438\u043d\u0434\u0435\u043a\u0441\u0435 190: [-0.0536936   0.19918594  1.21461513  1.61946831 -0.14135331 -1.25122193
 -1.04822128  0.32347829]
2024-06-06 15:34:11,495 - \u0410\u043d\u043e\u043c\u0430\u043b\u044c\u043d\u043e\u0435 \u043f\u043e\u0432\u0435\u0434\u0435\u043d\u0438\u0435 \u043e\u0431\u043d\u0430\u0440\u0443\u0436\u0435\u043d\u043e \u0432 \u0438\u043d\u0434\u0435\u043a\u0441\u0435 191: [-0.16800901 -1.34926825  1.73242802 -0.39317573 -0.37998926  1.19495975
 -1.07611769 -0.07240641]
2024-06-06 15:34:11,495 - \u0410\u043d\u043e\u043c\u0430\u043b\u044c\u043d\u043e\u0435 \u043f\u043e\u0432\u0435\u0434\u0435\u043d\u0438\u0435 \u043e\u0431\u043d\u0430\u0440\u0443\u0436\u0435\u043d\u043e \u0432 \u0438\u043d\u0434\u0435\u043a\u0441\u0435 192: [ 0.26846801 -0.33775008 -0.0677756  -0.02251667  1.45739553  1.19495975
  0.47265002 -0.52919646]
2024-06-06 15:34:11,496 - \u0410\u043d\u043e\u043c\u0430\u043b\u044c\u043d\u043e\u0435 \u043f\u043e\u0432\u0435\u0434\u0435\u043d\u0438\u0435 \u043e\u0431\u043d\u0430\u0440\u0443\u0436\u0435\u043d\u043e \u0432 \u0438\u043d\u0434\u0435\u043a\u0441\u0435 193: [-1.46358366 -0.82965275 -0.27840083  0.32735777 -0.72826011  1.19495975
 -0.54711898  0.82179471]
2024-06-06 15:34:11,496 - \u0410\u043d\u043e\u043c\u0430\u043b\u044c\u043d\u043e\u0435 \u043f\u043e\u0432\u0435\u0434\u0435\u043d\u0438\u0435 \u043e\u0431\u043d\u0430\u0440\u0443\u0436\u0435\u043d\u043e \u0432 \u0438\u043d\u0434\u0435\u043a\u0441\u0435 196: [ 1.07560409  0.670304   -0.41395069 -0.78461941  1.16386211 -0.02813109
 -0.32222565 -1.63033732]
2024-06-06 15:34:11,496 - \u0410\u043d\u043e\u043c\u0430\u043b\u044c\u043d\u043e\u0435 \u043f\u043e\u0432\u0435\u0434\u0435\u043d\u0438\u0435 \u043e\u0431\u043d\u0430\u0440\u0443\u0436\u0435\u043d\u043e \u0432 \u0438\u043d\u0434\u0435\u043a\u0441\u0435 197: [ 1.49129649 -1.1933836  -0.95242225 -0.8781502   1.24292727  1.19495975
 -0.87051077  0.77265517]
2024-06-06 15:34:11,496 - \u0410\u043d\u043e\u043c\u0430\u043b\u044c\u043d\u043e\u0435 \u043f\u043e\u0432\u0435\u0434\u0435\u043d\u0438\u0435 \u043e\u0431\u043d\u0430\u0440\u0443\u0436\u0435\u043d\u043e \u0432 \u0438\u043d\u0434\u0435\u043a\u0441\u0435 198: [ 0.40356804 -0.39663983  0.14372981  0.49363473  1.27856528 -1.25122193
  1.04917595 -0.92231274]
2024-06-06 15:34:11,496 - \u0410\u043d\u043e\u043c\u0430\u043b\u044c\u043d\u043e\u0435 \u043f\u043e\u0432\u0435\u0434\u0435\u043d\u0438\u0435 \u043e\u0431\u043d\u0430\u0440\u0443\u0436\u0435\u043d\u043e \u0432 \u0438\u043d\u0434\u0435\u043a\u0441\u0435 200: [-1.12410154 -0.43128087 -0.2307668   1.27652208  0.30983029  1.19495975
 -1.40157588 -1.6960874 ]
2024-06-06 15:34:11,496 - \u0410\u043d\u043e\u043c\u0430\u043b\u044c\u043d\u043e\u0435 \u043f\u043e\u0432\u0435\u0434\u0435\u043d\u0438\u0435 \u043e\u0431\u043d\u0430\u0440\u0443\u0436\u0435\u043d\u043e \u0432 \u0438\u043d\u0434\u0435\u043a\u0441\u0435 203: [ 1.56750676 -0.08140643 -0.13146022 -0.69108862 -0.24773383 -1.25122193
 -0.64423984  0.16083335]
2024-06-06 15:34:11,497 - \u0410\u043d\u043e\u043c\u0430\u043b\u044c\u043d\u043e\u0435 \u043f\u043e\u0432\u0435\u0434\u0435\u043d\u0438\u0435 \u043e\u0431\u043d\u0430\u0440\u0443\u0436\u0435\u043d\u043e \u0432 \u0438\u043d\u0434\u0435\u043a\u0441\u0435 208: [ 0.09179874 -0.81926044 -0.39945337  0.27539622  0.30860323 -1.25122193
 -0.65250544 -0.29041984]
2024-06-06 15:34:11,497 - \u0410\u043d\u043e\u043c\u0430\u043b\u044c\u043d\u043e\u0435 \u043f\u043e\u0432\u0435\u0434\u0435\u043d\u0438\u0435 \u043e\u0431\u043d\u0430\u0440\u0443\u0436\u0435\u043d\u043e \u0432 \u0438\u043d\u0434\u0435\u043a\u0441\u0435 209: [ 1.37005287 -0.0467654  -1.34566181 -0.58370141  0.4390981  -0.02813109
  1.49655181  0.85986055]
2024-06-06 15:34:11,497 - \u0410\u043d\u043e\u043c\u0430\u043b\u044c\u043d\u043e\u0435 \u043f\u043e\u0432\u0435\u0434\u0435\u043d\u0438\u0435 \u043e\u0431\u043d\u0430\u0440\u0443\u0436\u0435\u043d\u043e \u0432 \u0438\u043d\u0434\u0435\u043a\u0441\u0435 210: [-0.34814239  1.25573746  0.82277352  1.26266567  0.90297907 -1.25122193
  1.04400995  0.8204105 ]
2024-06-06 15:34:11,497 - \u0410\u043d\u043e\u043c\u0430\u043b\u044c\u043d\u043e\u0435 \u043f\u043e\u0432\u0435\u0434\u0435\u043d\u0438\u0435 \u043e\u0431\u043d\u0430\u0440\u0443\u0436\u0435\u043d\u043e \u0432 \u0438\u043d\u0434\u0435\u043a\u0441\u0435 212: [-0.65991169 -1.71299911 -0.03805612  1.19684771 -1.51464372 -0.02813109
  0.81326181 -0.29284222]
2024-06-06 15:34:11,497 - \u0410\u043d\u043e\u043c\u0430\u043b\u044c\u043d\u043e\u0435 \u043f\u043e\u0432\u0435\u0434\u0435\u043d\u0438\u0435 \u043e\u0431\u043d\u0430\u0440\u0443\u0436\u0435\u043d\u043e \u0432 \u0438\u043d\u0434\u0435\u043a\u0441\u0435 215: [-0.78461941  1.33887594  1.53081184 -0.72226555 -0.56036667 -1.25122193
 -1.5958176   0.65222871]
2024-06-06 15:34:11,497 - \u0410\u043d\u043e\u043c\u0430\u043b\u044c\u043d\u043e\u0435 \u043f\u043e\u0432\u0435\u0434\u0435\u043d\u0438\u0435 \u043e\u0431\u043d\u0430\u0440\u0443\u0436\u0435\u043d\u043e \u0432 \u0438\u043d\u0434\u0435\u043a\u0441\u0435 217: [ 1.31116312 -0.59062962 -1.42959089 -0.86429379  0.29297159 -1.25122193
 -1.23281978  1.51943769]
2024-06-06 15:34:11,497 - \u0410\u043d\u043e\u043c\u0430\u043b\u044c\u043d\u043e\u0435 \u043f\u043e\u0432\u0435\u0434\u0435\u043d\u0438\u0435 \u043e\u0431\u043d\u0430\u0440\u0443\u0436\u0435\u043d\u043e \u0432 \u0438\u043d\u0434\u0435\u043a\u0441\u0435 220: [ 1.58482728 -1.35273236 -1.19929075 -0.94743227  0.60661808  1.19495975
 -0.04153949  0.76365779]
2024-06-06 15:34:11,497 - \u0410\u043d\u043e\u043c\u0430\u043b\u044c\u043d\u043e\u0435 \u043f\u043e\u0432\u0435\u0434\u0435\u043d\u0438\u0435 \u043e\u0431\u043d\u0430\u0440\u0443\u0436\u0435\u043d\u043e \u0432 \u0438\u043d\u0434\u0435\u043a\u0441\u0435 225: [-0.62873476  0.18532953 -1.31583877  1.23148874 -1.38420221 -0.02813109
 -1.47872153 -1.41820679]
2024-06-06 15:34:11,498 - \u0410\u043d\u043e\u043c\u0430\u043b\u044c\u043d\u043e\u0435 \u043f\u043e\u0432\u0435\u0434\u0435\u043d\u0438\u0435 \u043e\u0431\u043d\u0430\u0440\u0443\u0436\u0435\u043d\u043e \u0432 \u0438\u043d\u0434\u0435\u043a\u0441\u0435 226: [-1.51554521 -1.41508622  0.04431968 -1.58136318 -0.38676475 -0.02813109
 -1.45185831  1.44572839]
2024-06-06 15:34:11,498 - \u0410\u043d\u043e\u043c\u0430\u043b\u044c\u043d\u043e\u0435 \u043f\u043e\u0432\u0435\u0434\u0435\u043d\u0438\u0435 \u043e\u0431\u043d\u0430\u0440\u0443\u0436\u0435\u043d\u043e \u0432 \u0438\u043d\u0434\u0435\u043a\u0441\u0435 227: [-1.66796576  1.46704777 -0.01755277 -1.72685552 -0.08992361 -0.02813109
 -0.08045671 -0.33852122]
2024-06-06 15:34:11,498 - \u0410\u043d\u043e\u043c\u0430\u043b\u044c\u043d\u043e\u0435 \u043f\u043e\u0432\u0435\u0434\u0435\u043d\u0438\u0435 \u043e\u0431\u043d\u0430\u0440\u0443\u0436\u0435\u043d\u043e \u0432 \u0438\u043d\u0434\u0435\u043a\u0441\u0435 228: [ 1.65064524  0.57677321 -1.22611077 -1.06867588 -0.84941867 -1.25122193
  0.63796211 -1.48534108]
2024-06-06 15:34:11,498 - \u0410\u043d\u043e\u043c\u0430\u043b\u044c\u043d\u043e\u0435 \u043f\u043e\u0432\u0435\u0434\u0435\u043d\u0438\u0435 \u043e\u0431\u043d\u0430\u0440\u0443\u0436\u0435\u043d\u043e \u0432 \u0438\u043d\u0434\u0435\u043a\u0441\u0435 229: [ 1.67142987 -1.14835026 -0.14409359  0.47977831 -1.53208928 -1.25122193
  0.30492712 -1.62791494]
2024-06-06 15:34:11,498 - \u0410\u043d\u043e\u043c\u0430\u043b\u044c\u043d\u043e\u0435 \u043f\u043e\u0432\u0435\u0434\u0435\u043d\u0438\u0435 \u043e\u0431\u043d\u0430\u0440\u0443\u0436\u0435\u043d\u043e \u0432 \u0438\u043d\u0434\u0435\u043a\u0441\u0435 231: [ 0.84697327  1.12410154 -0.88526863  1.62293242 -1.13292223 -0.02813109
 -0.00399986 -0.79738759]
2024-06-06 15:34:11,498 - \u0410\u043d\u043e\u043c\u0430\u043b\u044c\u043d\u043e\u0435 \u043f\u043e\u0432\u0435\u0434\u0435\u043d\u0438\u0435 \u043e\u0431\u043d\u0430\u0440\u0443\u0436\u0435\u043d\u043e \u0432 \u0438\u043d\u0434\u0435\u043a\u0441\u0435 232: [-0.52827576  0.94396816  0.39867539  0.35160649  0.38350707 -0.02813109
  0.56701567 -0.663119  ]
2024-06-06 15:34:11,498 - \u0410\u043d\u043e\u043c\u0430\u043b\u044c\u043d\u043e\u0435 \u043f\u043e\u0432\u0435\u0434\u0435\u043d\u0438\u0435 \u043e\u0431\u043d\u0430\u0440\u0443\u0436\u0435\u043d\u043e \u0432 \u0438\u043d\u0434\u0435\u043a\u0441\u0435 233: [ 0.40703214  0.41049625  1.46572927  0.62527065  0.87192919 -0.02813109
  1.72557795 -0.45306479]
2024-06-06 15:34:11,498 - \u0410\u043d\u043e\u043c\u0430\u043b\u044c\u043d\u043e\u0435 \u043f\u043e\u0432\u0435\u0434\u0435\u043d\u0438\u0435 \u043e\u0431\u043d\u0430\u0440\u0443\u0436\u0435\u043d\u043e \u0432 \u0438\u043d\u0434\u0435\u043a\u0441\u0435 235: [-1.65410935 -0.71533734 -1.46029413 -1.67142987 -1.60960728 -0.02813109
 -0.52611057 -1.58708068]
2024-06-06 15:34:11,499 - \u0410\u043d\u043e\u043c\u0430\u043b\u044c\u043d\u043e\u0435 \u043f\u043e\u0432\u0435\u0434\u0435\u043d\u0438\u0435 \u043e\u0431\u043d\u0430\u0440\u0443\u0436\u0435\u043d\u043e \u0432 \u0438\u043d\u0434\u0435\u043a\u0441\u0435 237: [ 0.71533734 -1.50861701  0.81661216 -1.21416822 -1.51106925 -1.25122193
  0.14960263 -0.58940969]
2024-06-06 15:34:11,499 - \u0410\u043d\u043e\u043c\u0430\u043b\u044c\u043d\u043e\u0435 \u043f\u043e\u0432\u0435\u0434\u0435\u043d\u0438\u0435 \u043e\u0431\u043d\u0430\u0440\u0443\u0436\u0435\u043d\u043e \u0432 \u0438\u043d\u0434\u0435\u043a\u0441\u0435 240: [-0.91625534  0.89547072  1.28477176 -0.32735777  0.57124683 -0.02813109
 -0.5743266  -0.20978948]
2024-06-06 15:34:11,499 - \u0410\u043d\u043e\u043c\u0430\u043b\u044c\u043d\u043e\u0435 \u043f\u043e\u0432\u0435\u0434\u0435\u043d\u0438\u0435 \u043e\u0431\u043d\u0430\u0440\u0443\u0436\u0435\u043d\u043e \u0432 \u0438\u043d\u0434\u0435\u043a\u0441\u0435 241: [-0.27886032  1.20377591 -0.59630615 -1.31116312  0.23572671 -1.25122193
  0.43683239 -0.4042713 ]
2024-06-06 15:34:11,499 - \u0410\u043d\u043e\u043c\u0430\u043b\u044c\u043d\u043e\u0435 \u043f\u043e\u0432\u0435\u0434\u0435\u043d\u0438\u0435 \u043e\u0431\u043d\u0430\u0440\u0443\u0436\u0435\u043d\u043e \u0432 \u0438\u043d\u0434\u0435\u043a\u0441\u0435 242: [ 0.82965275  0.28578853  1.02185267  0.30657315  0.76949659 -0.02813109
  0.07142378  1.09240821]
2024-06-06 15:34:11,499 - \u0410\u043d\u043e\u043c\u0430\u043b\u044c\u043d\u043e\u0435 \u043f\u043e\u0432\u0435\u0434\u0435\u043d\u0438\u0435 \u043e\u0431\u043d\u0430\u0440\u0443\u0436\u0435\u043d\u043e \u0432 \u0438\u043d\u0434\u0435\u043a\u0441\u0435 243: [ 0.69108862 -0.60102193 -1.125924   -1.27305798  0.32876965  1.19495975
 -0.16104636  1.05192   ]
2024-06-06 15:34:11,499 - \u0410\u043d\u043e\u043c\u0430\u043b\u044c\u043d\u043e\u0435 \u043f\u043e\u0432\u0435\u0434\u0435\u043d\u0438\u0435 \u043e\u0431\u043d\u0430\u0440\u0443\u0436\u0435\u043d\u043e \u0432 \u0438\u043d\u0434\u0435\u043a\u0441\u0435 245: [ 1.53979394  0.84350917 -1.53811362 -1.1864554   0.53171424 -0.02813109
  0.47230561  0.72109327]
2024-06-06 15:34:11,499 - \u0410\u043d\u043e\u043c\u0430\u043b\u044c\u043d\u043e\u0435 \u043f\u043e\u0432\u0435\u0434\u0435\u043d\u0438\u0435 \u043e\u0431\u043d\u0430\u0440\u0443\u0436\u0435\u043d\u043e \u0432 \u0438\u043d\u0434\u0435\u043a\u0441\u0435 247: [-0.94396816  0.80886813  1.73801984 -1.71646321  1.24911591  1.19495975
 -1.40157588  0.37850073]
2024-06-06 15:34:11,499 - \u0410\u043d\u043e\u043c\u0430\u043b\u044c\u043d\u043e\u0435 \u043f\u043e\u0432\u0435\u0434\u0435\u043d\u0438\u0435 \u043e\u0431\u043d\u0430\u0440\u0443\u0436\u0435\u043d\u043e \u0432 \u0438\u043d\u0434\u0435\u043a\u0441\u0435 251: [-1.35966056 -0.7742271  -0.85378875 -1.02017844  1.65297778  1.19495975
 -0.48581575 -1.59677017]
2024-06-06 15:34:11,500 - \u0410\u043d\u043e\u043c\u0430\u043b\u044c\u043d\u043e\u0435 \u043f\u043e\u0432\u0435\u0434\u0435\u043d\u0438\u0435 \u043e\u0431\u043d\u0430\u0440\u0443\u0436\u0435\u043d\u043e \u0432 \u0438\u043d\u0434\u0435\u043a\u0441\u0435 253: [-0.20265005  0.61141424  0.17505436 -1.72339142  0.8735297   1.19495975
  1.22034285  0.40445471]
2024-06-06 15:34:11,500 - \u0410\u043d\u043e\u043c\u0430\u043b\u044c\u043d\u043e\u0435 \u043f\u043e\u0432\u0435\u0434\u0435\u043d\u0438\u0435 \u043e\u0431\u043d\u0430\u0440\u0443\u0436\u0435\u043d\u043e \u0432 \u0438\u043d\u0434\u0435\u043a\u0441\u0435 255: [ 0.75344248  1.4982247  -0.14756259  0.94396816 -0.45019827 -1.25122193
  1.19003564 -0.0540656 ]
2024-06-06 15:34:11,500 - \u0410\u043d\u043e\u043c\u0430\u043b\u044c\u043d\u043e\u0435 \u043f\u043e\u0432\u0435\u0434\u0435\u043d\u0438\u0435 \u043e\u0431\u043d\u0430\u0440\u0443\u0436\u0435\u043d\u043e \u0432 \u0438\u043d\u0434\u0435\u043a\u0441\u0435 258: [-0.09179874 -0.02598078  1.66967537 -1.57097087 -1.13020137 -0.02813109
 -0.60532262 -0.77800861]
2024-06-06 15:34:11,500 - \u0410\u043d\u043e\u043c\u0430\u043b\u044c\u043d\u043e\u0435 \u043f\u043e\u0432\u0435\u0434\u0435\u043d\u0438\u0435 \u043e\u0431\u043d\u0430\u0440\u0443\u0436\u0435\u043d\u043e \u0432 \u0438\u043d\u0434\u0435\u043a\u0441\u0435 260: [ 0.68069631 -1.25227336 -1.07637426 -0.30310904  1.02397758 -1.25122193
  0.73267217  0.11342408]
2024-06-06 15:34:11,500 - \u0410\u043d\u043e\u043c\u0430\u043b\u044c\u043d\u043e\u0435 \u043f\u043e\u0432\u0435\u0434\u0435\u043d\u0438\u0435 \u043e\u0431\u043d\u0430\u0440\u0443\u0436\u0435\u043d\u043e \u0432 \u0438\u043d\u0434\u0435\u043a\u0441\u0435 261: [ 1.66103755  0.68416041  0.37630811  0.23036287 -0.29009398 -0.02813109
  0.31491472  1.37236514]
2024-06-06 15:34:11,500 - \u0410\u043d\u043e\u043c\u0430\u043b\u044c\u043d\u043e\u0435 \u043f\u043e\u0432\u0435\u0434\u0435\u043d\u0438\u0435 \u043e\u0431\u043d\u0430\u0440\u0443\u0436\u0435\u043d\u043e \u0432 \u0438\u043d\u0434\u0435\u043a\u0441\u0435 263: [-1.62639652 -0.09526284  0.30656568  0.34814239 -1.30775121  1.19495975
  0.19816305 -0.22536187]
2024-06-06 15:34:11,500 - \u0410\u043d\u043e\u043c\u0430\u043b\u044c\u043d\u043e\u0435 \u043f\u043e\u0432\u0435\u0434\u0435\u043d\u0438\u0435 \u043e\u0431\u043d\u0430\u0440\u0443\u0436\u0435\u043d\u043e \u0432 \u0438\u043d\u0434\u0435\u043a\u0441\u0435 274: [-1.71646321  1.73031962 -0.57844339 -1.56057856 -0.07023734 -1.25122193
 -1.68570605  1.13601089]
2024-06-06 15:34:11,500 - \u0410\u043d\u043e\u043c\u0430\u043b\u044c\u043d\u043e\u0435 \u043f\u043e\u0432\u0435\u0434\u0435\u043d\u0438\u0435 \u043e\u0431\u043d\u0430\u0440\u0443\u0436\u0435\u043d\u043e \u0432 \u0438\u043d\u0434\u0435\u043a\u0441\u0435 276: [-1.04442716  0.76729889 -0.50787255  0.01212436  1.01864255 -1.25122193
  1.20518924 -0.5959847 ]
2024-06-06 15:34:11,500 - \u0410\u043d\u043e\u043c\u0430\u043b\u044c\u043d\u043e\u0435 \u043f\u043e\u0432\u0435\u0434\u0435\u043d\u0438\u0435 \u043e\u0431\u043d\u0430\u0440\u0443\u0436\u0435\u043d\u043e \u0432 \u0438\u043d\u0434\u0435\u043a\u0441\u0435 278: [-1.02364254  0.27886032  0.87035576 -0.75690658  1.05988235  1.19495975
  1.41355137  0.21620184]
2024-06-06 15:34:11,501 - \u0410\u043d\u043e\u043c\u0430\u043b\u044c\u043d\u043e\u0435 \u043f\u043e\u0432\u0435\u0434\u0435\u043d\u0438\u0435 \u043e\u0431\u043d\u0430\u0440\u0443\u0436\u0435\u043d\u043e \u0432 \u0438\u043d\u0434\u0435\u043a\u0441\u0435 280: [-1.12756564  0.12643977  0.91726492 -0.0467654   0.73172457 -1.25122193
 -1.37505707  1.32530192]
2024-06-06 15:34:11,501 - \u0410\u043d\u043e\u043c\u0430\u043b\u044c\u043d\u043e\u0435 \u043f\u043e\u0432\u0435\u0434\u0435\u043d\u0438\u0435 \u043e\u0431\u043d\u0430\u0440\u0443\u0436\u0435\u043d\u043e \u0432 \u0438\u043d\u0434\u0435\u043a\u0441\u0435 281: [ 0.69801682 -1.42201442 -1.35596526 -1.00285792 -1.20313124 -0.02813109
  0.99303872  0.40618498]
2024-06-06 15:34:11,501 - \u0410\u043d\u043e\u043c\u0430\u043b\u044c\u043d\u043e\u0435 \u043f\u043e\u0432\u0435\u0434\u0435\u043d\u0438\u0435 \u043e\u0431\u043d\u0430\u0440\u0443\u0436\u0435\u043d\u043e \u0432 \u0438\u043d\u0434\u0435\u043a\u0441\u0435 283: [ 0.88854251 -1.39083749  0.26819959  0.02598078  1.56815078 -0.02813109
  0.59766729 -0.48386351]
2024-06-06 15:34:11,501 - \u0410\u043d\u043e\u043c\u0430\u043b\u044c\u043d\u043e\u0435 \u043f\u043e\u0432\u0435\u0434\u0435\u043d\u0438\u0435 \u043e\u0431\u043d\u0430\u0440\u0443\u0436\u0435\u043d\u043e \u0432 \u0438\u043d\u0434\u0435\u043a\u0441\u0435 287: [-0.7776912  -1.38044518  0.11116264  1.6056119   1.04019608 -0.02813109
 -1.58445239  0.57644309]
2024-06-06 15:34:11,501 - \u0410\u043d\u043e\u043c\u0430\u043b\u044c\u043d\u043e\u0435 \u043f\u043e\u0432\u0435\u0434\u0435\u043d\u0438\u0435 \u043e\u0431\u043d\u0430\u0440\u0443\u0436\u0435\u043d\u043e \u0432 \u0438\u043d\u0434\u0435\u043a\u0441\u0435 290: [-0.87122199 -0.51441935  0.62250352 -1.05135537 -1.34392272 -1.25122193
 -0.68970067 -1.16281962]
2024-06-06 15:34:11,501 - \u0410\u043d\u043e\u043c\u0430\u043b\u044c\u043d\u043e\u0435 \u043f\u043e\u0432\u0435\u0434\u0435\u043d\u0438\u0435 \u043e\u0431\u043d\u0430\u0440\u0443\u0436\u0435\u043d\u043e \u0432 \u0438\u043d\u0434\u0435\u043a\u0441\u0435 292: [-0.53520397 -1.45665546 -1.04349643  1.07906819  0.69944763 -1.25122193
  1.45591259 -1.44000813]
2024-06-06 15:34:11,501 - \u0410\u043d\u043e\u043c\u0430\u043b\u044c\u043d\u043e\u0435 \u043f\u043e\u0432\u0435\u0434\u0435\u043d\u0438\u0435 \u043e\u0431\u043d\u0430\u0440\u0443\u0436\u0435\u043d\u043e \u0432 \u0438\u043d\u0434\u0435\u043a\u0441\u0435 294: [-0.40010394  1.68182218 -1.21306319 -1.5016888  -0.32461164 -1.25122193
  0.59663409  0.84982501]
2024-06-06 15:34:11,501 - \u0410\u043d\u043e\u043c\u0430\u043b\u044c\u043d\u043e\u0435 \u043f\u043e\u0432\u0435\u0434\u0435\u043d\u0438\u0435 \u043e\u0431\u043d\u0430\u0440\u0443\u0436\u0435\u043d\u043e \u0432 \u0438\u043d\u0434\u0435\u043a\u0441\u0435 295: [ 1.36658877 -0.40356804  1.34799039  0.6772322  -0.68371259 -0.02813109
 -1.11365731 -0.33609885]
2024-06-06 15:34:11,501 - \u0410\u043d\u043e\u043c\u0430\u043b\u044c\u043d\u043e\u0435 \u043f\u043e\u0432\u0435\u0434\u0435\u043d\u0438\u0435 \u043e\u0431\u043d\u0430\u0440\u0443\u0436\u0435\u043d\u043e \u0432 \u0438\u043d\u0434\u0435\u043a\u0441\u0435 296: [ 0.14029619  1.15874257  0.02133108 -0.65991169  0.3788656  -0.02813109
 -0.21615039  1.5436614 ]
2024-06-06 15:34:11,502 - \u0410\u043d\u043e\u043c\u0430\u043b\u044c\u043d\u043e\u0435 \u043f\u043e\u0432\u0435\u0434\u0435\u043d\u0438\u0435 \u043e\u0431\u043d\u0430\u0440\u0443\u0436\u0435\u043d\u043e \u0432 \u0438\u043d\u0434\u0435\u043a\u0441\u0435 297: [ 0.23382698 -0.12643977 -1.37046257 -0.87122199 -1.25658826 -0.02813109
 -1.32064183  0.97613438]
2024-06-06 15:34:11,502 - \u0410\u043d\u043e\u043c\u0430\u043b\u044c\u043d\u043e\u0435 \u043f\u043e\u0432\u0435\u0434\u0435\u043d\u0438\u0435 \u043e\u0431\u043d\u0430\u0440\u0443\u0436\u0435\u043d\u043e \u0432 \u0438\u043d\u0434\u0435\u043a\u0441\u0435 298: [ 0.49017062 -0.18879363  1.5274464   0.51788345 -1.56815409 -0.02813109
 -0.5808702  -1.06246423]
2024-06-06 21:22:58,664 - \u0410\u043d\u043e\u043c\u0430\u043b\u044c\u043d\u043e\u0435 \u043f\u043e\u0432\u0435\u0434\u0435\u043d\u0438\u0435 \u043e\u0431\u043d\u0430\u0440\u0443\u0436\u0435\u043d\u043e \u0432 \u0438\u043d\u0434\u0435\u043a\u0441\u0435 3: [-0.70840913 -1.47397597 -0.76421608 -0.77076299  0.66781089 -1.25122193
  1.09153718 -0.07863537]
2024-06-06 21:22:58,665 - \u0410\u043d\u043e\u043c\u0430\u043b\u044c\u043d\u043e\u0435 \u043f\u043e\u0432\u0435\u0434\u0435\u043d\u0438\u0435 \u043e\u0431\u043d\u0430\u0440\u0443\u0436\u0435\u043d\u043e \u0432 \u0438\u043d\u0434\u0435\u043a\u0441\u0435 4: [ 1.47051187 -0.58023731  0.21083165 -0.66683989  0.73119107  1.19495975
 -0.53713138  1.13981748]
2024-06-06 21:22:58,665 - \u0410\u043d\u043e\u043c\u0430\u043b\u044c\u043d\u043e\u0435 \u043f\u043e\u0432\u0435\u0434\u0435\u043d\u0438\u0435 \u043e\u0431\u043d\u0430\u0440\u0443\u0436\u0435\u043d\u043e \u0432 \u0438\u043d\u0434\u0435\u043a\u0441\u0435 6: [ 0.63219886 -1.07560409  0.29662467  1.25573746 -0.7521077   1.19495975
 -0.19514198  0.85155527]
2024-06-06 21:22:58,665 - \u0410\u043d\u043e\u043c\u0430\u043b\u044c\u043d\u043e\u0435 \u043f\u043e\u0432\u0435\u0434\u0435\u043d\u0438\u0435 \u043e\u0431\u043d\u0430\u0440\u0443\u0436\u0435\u043d\u043e \u0432 \u0438\u043d\u0434\u0435\u043a\u0441\u0435 7: [-0.73958606  0.58716552 -0.75323955  0.34121418 -0.87006524 -1.25122193
 -0.39627169 -1.0693853 ]
2024-06-06 21:22:58,665 - \u0410\u043d\u043e\u043c\u0430\u043b\u044c\u043d\u043e\u0435 \u043f\u043e\u0432\u0435\u0434\u0435\u043d\u0438\u0435 \u043e\u0431\u043d\u0430\u0440\u0443\u0436\u0435\u043d\u043e \u0432 \u0438\u043d\u0434\u0435\u043a\u0441\u0435 9: [-0.78808351  0.71533734  1.76276882 -0.29618084  0.83095615 -0.02813109
 -0.31292684  1.08721741]
2024-06-06 21:22:58,665 - \u0410\u043d\u043e\u043c\u0430\u043b\u044c\u043d\u043e\u0435 \u043f\u043e\u0432\u0435\u0434\u0435\u043d\u0438\u0435 \u043e\u0431\u043d\u0430\u0440\u0443\u0436\u0435\u043d\u043e \u0432 \u0438\u043d\u0434\u0435\u043a\u0441\u0435 10: [-1.25573746  0.55945269 -1.112048   -0.21650646 -0.41077239 -0.02813109
  1.11047919  1.15712013]
2024-06-06 21:22:58,666 - \u0410\u043d\u043e\u043c\u0430\u043b\u044c\u043d\u043e\u0435 \u043f\u043e\u0432\u0435\u0434\u0435\u043d\u0438\u0435 \u043e\u0431\u043d\u0430\u0440\u0443\u0436\u0435\u043d\u043e \u0432 \u0438\u043d\u0434\u0435\u043a\u0441\u0435 12: [ 0.0536936  -0.80193992  0.17438127  1.0859964   0.32972996 -1.25122193
  0.9634203  -0.26100533]
2024-06-06 21:22:58,666 - \u0410\u043d\u043e\u043c\u0430\u043b\u044c\u043d\u043e\u0435 \u043f\u043e\u0432\u0435\u0434\u0435\u043d\u0438\u0435 \u043e\u0431\u043d\u0430\u0440\u0443\u0436\u0435\u043d\u043e \u0432 \u0438\u043d\u0434\u0435\u043a\u0441\u0435 15: [ 0.48670652  1.54325804 -0.9373554   0.52827576 -0.62774812  1.19495975
  0.1082746  -0.24923953]
2024-06-06 21:22:58,666 - \u0410\u043d\u043e\u043c\u0430\u043b\u044c\u043d\u043e\u0435 \u043f\u043e\u0432\u0435\u0434\u0435\u043d\u0438\u0435 \u043e\u0431\u043d\u0430\u0440\u0443\u0436\u0435\u043d\u043e \u0432 \u0438\u043d\u0434\u0435\u043a\u0441\u0435 16: [ 0.82272454  0.37585521  0.46520769  0.70840913  1.41188771 -1.25122193
 -0.76719071 -0.28522905]
2024-06-06 21:22:58,666 - \u0410\u043d\u043e\u043c\u0430\u043b\u044c\u043d\u043e\u0435 \u043f\u043e\u0432\u0435\u0434\u0435\u043d\u0438\u0435 \u043e\u0431\u043d\u0430\u0440\u0443\u0436\u0435\u043d\u043e \u0432 \u0438\u043d\u0434\u0435\u043a\u0441\u0435 17: [ 0.63566296  1.32155543 -0.73170068 -1.17952719  0.94053769 -0.02813109
 -0.61152182  0.48439297]
2024-06-06 21:22:58,666 - \u0410\u043d\u043e\u043c\u0430\u043b\u044c\u043d\u043e\u0435 \u043f\u043e\u0432\u0435\u0434\u0435\u043d\u0438\u0435 \u043e\u0431\u043d\u0430\u0440\u0443\u0436\u0435\u043d\u043e \u0432 \u0438\u043d\u0434\u0435\u043a\u0441\u0435 18: [-0.30310904  0.42088856  0.19006943 -1.69221449  1.63505207  1.19495975
  0.43235519  0.66503267]
2024-06-06 21:22:58,666 - \u0410\u043d\u043e\u043c\u0430\u043b\u044c\u043d\u043e\u0435 \u043f\u043e\u0432\u0435\u0434\u0435\u043d\u0438\u0435 \u043e\u0431\u043d\u0430\u0440\u0443\u0436\u0435\u043d\u043e \u0432 \u0438\u043d\u0434\u0435\u043a\u0441\u0435 21: [-1.4982247  -0.10565515  1.62809916 -1.04096306 -0.35363421  1.19495975
  0.70374255 -0.24923953]
2024-06-06 21:22:58,667 - \u0410\u043d\u043e\u043c\u0430\u043b\u044c\u043d\u043e\u0435 \u043f\u043e\u0432\u0435\u0434\u0435\u043d\u0438\u0435 \u043e\u0431\u043d\u0430\u0440\u0443\u0436\u0435\u043d\u043e \u0432 \u0438\u043d\u0434\u0435\u043a\u0441\u0435 23: [ 1.23495284 -0.0536936  -1.18106556  0.14722439  0.3118576  -1.25122193
  0.76848979  1.07683582]
2024-06-06 21:22:58,667 - \u0410\u043d\u043e\u043c\u0430\u043b\u044c\u043d\u043e\u0435 \u043f\u043e\u0432\u0435\u0434\u0435\u043d\u0438\u0435 \u043e\u0431\u043d\u0430\u0440\u0443\u0436\u0435\u043d\u043e \u0432 \u0438\u043d\u0434\u0435\u043a\u0441\u0435 26: [-0.42781676 -1.1899195   0.72750547 -0.59409372 -0.11334439  1.19495975
  0.70339815  1.42081257]
2024-06-06 21:22:58,667 - \u0410\u043d\u043e\u043c\u0430\u043b\u044c\u043d\u043e\u0435 \u043f\u043e\u0432\u0435\u0434\u0435\u043d\u0438\u0435 \u043e\u0431\u043d\u0430\u0440\u0443\u0436\u0435\u043d\u043e \u0432 \u0438\u043d\u0434\u0435\u043a\u0441\u0435 30: [ 0.52134755 -1.19684771  1.27115464 -0.38278342  1.39358856  1.19495975
 -0.24749081  0.4311008 ]
2024-06-06 21:22:58,667 - \u0410\u043d\u043e\u043c\u0430\u043b\u044c\u043d\u043e\u0435 \u043f\u043e\u0432\u0435\u0434\u0435\u043d\u0438\u0435 \u043e\u0431\u043d\u0430\u0440\u0443\u0436\u0435\u043d\u043e \u0432 \u0438\u043d\u0434\u0435\u043a\u0441\u0435 31: [-0.95782458  0.02598078  1.21233698  1.22802464 -0.74677266 -0.02813109
 -1.62750241 -0.26135139]
2024-06-06 21:22:58,667 - \u0410\u043d\u043e\u043c\u0430\u043b\u044c\u043d\u043e\u0435 \u043f\u043e\u0432\u0435\u0434\u0435\u043d\u0438\u0435 \u043e\u0431\u043d\u0430\u0440\u0443\u0436\u0435\u043d\u043e \u0432 \u0438\u043d\u0434\u0435\u043a\u0441\u0435 32: [-1.02017844 -0.24075518 -1.23620711 -0.27886032 -1.50002574 -0.02813109
 -0.10731992 -0.68353613]
2024-06-06 21:22:58,667 - \u0410\u043d\u043e\u043c\u0430\u043b\u044c\u043d\u043e\u0435 \u043f\u043e\u0432\u0435\u0434\u0435\u043d\u0438\u0435 \u043e\u0431\u043d\u0430\u0440\u0443\u0436\u0435\u043d\u043e \u0432 \u0438\u043d\u0434\u0435\u043a\u0441\u0435 34: [-0.12990388 -0.08833464 -1.29543899 -0.14029619  0.22110872 -0.02813109
 -0.05083829 -0.56034124]
2024-06-06 21:22:58,667 - \u0410\u043d\u043e\u043c\u0430\u043b\u044c\u043d\u043e\u0435 \u043f\u043e\u0432\u0435\u0434\u0435\u043d\u0438\u0435 \u043e\u0431\u043d\u0430\u0440\u0443\u0436\u0435\u043d\u043e \u0432 \u0438\u043d\u0434\u0435\u043a\u0441\u0435 37: [ 1.37698108  1.41162211 -1.57953451 -1.09985281 -0.13175025  1.19495975
 -0.0601371  -0.59633075]
2024-06-06 21:22:58,668 - \u0410\u043d\u043e\u043c\u0430\u043b\u044c\u043d\u043e\u0435 \u043f\u043e\u0432\u0435\u0434\u0435\u043d\u0438\u0435 \u043e\u0431\u043d\u0430\u0440\u0443\u0436\u0435\u043d\u043e \u0432 \u0438\u043d\u0434\u0435\u043a\u0441\u0435 40: [ 0.64951938  1.17952719 -0.85280501 -0.40010394  0.96833321 -0.02813109
 -0.59636821  0.88581453]
2024-06-06 21:22:58,668 - \u0410\u043d\u043e\u043c\u0430\u043b\u044c\u043d\u043e\u0435 \u043f\u043e\u0432\u0435\u0434\u0435\u043d\u0438\u0435 \u043e\u0431\u043d\u0430\u0440\u0443\u0436\u0435\u043d\u043e \u0432 \u0438\u043d\u0434\u0435\u043a\u0441\u0435 41: [ 1.50861701  0.64605527 -0.82815958  1.61600421  0.71513262 -1.25122193
 -1.05097648 -0.64027949]
2024-06-06 21:22:58,668 - \u0410\u043d\u043e\u043c\u0430\u043b\u044c\u043d\u043e\u0435 \u043f\u043e\u0432\u0435\u0434\u0435\u043d\u0438\u0435 \u043e\u0431\u043d\u0430\u0440\u0443\u0436\u0435\u043d\u043e \u0432 \u0438\u043d\u0434\u0435\u043a\u0441\u0435 42: [ 1.11370923 -0.99939382 -1.2997364   0.91625534 -0.75973679 -0.02813109
 -1.69672686 -1.21749601]
2024-06-06 21:22:58,668 - \u0410\u043d\u043e\u043c\u0430\u043b\u044c\u043d\u043e\u0435 \u043f\u043e\u0432\u0435\u0434\u0435\u043d\u0438\u0435 \u043e\u0431\u043d\u0430\u0440\u0443\u0436\u0435\u043d\u043e \u0432 \u0438\u043d\u0434\u0435\u043a\u0441\u0435 47: [ 1.33887594 -1.09985281 -1.31247333 -0.71533734 -0.62625431  1.19495975
  0.40239237 -1.10641297]
2024-06-06 21:22:58,668 - \u0410\u043d\u043e\u043c\u0430\u043b\u044c\u043d\u043e\u0435 \u043f\u043e\u0432\u0435\u0434\u0435\u043d\u0438\u0435 \u043e\u0431\u043d\u0430\u0440\u0443\u0436\u0435\u043d\u043e \u0432 \u0438\u043d\u0434\u0435\u043a\u0441\u0435 59: [ 1.25920157  0.69455272 -1.26867074 -1.45319135 -1.264164   -1.25122193
  0.12721661  1.56131011]
2024-06-06 21:22:58,668 - \u0410\u043d\u043e\u043c\u0430\u043b\u044c\u043d\u043e\u0435 \u043f\u043e\u0432\u0435\u0434\u0435\u043d\u0438\u0435 \u043e\u0431\u043d\u0430\u0440\u0443\u0436\u0435\u043d\u043e \u0432 \u0438\u043d\u0434\u0435\u043a\u0441\u0435 64: [-1.0894605   1.66796576 -1.26520174  0.95782458 -1.04452076 -0.02813109
 -1.34027265  0.02033581]
2024-06-06 21:22:58,668 - \u0410\u043d\u043e\u043c\u0430\u043b\u044c\u043d\u043e\u0435 \u043f\u043e\u0432\u0435\u0434\u0435\u043d\u0438\u0435 \u043e\u0431\u043d\u0430\u0440\u0443\u0436\u0435\u043d\u043e \u0432 \u0438\u043d\u0434\u0435\u043a\u0441\u0435 66: [ 0.40010394 -1.36658877  1.77037991  0.03290898  0.5499067  -1.25122193
 -0.55435139 -1.34899617]
2024-06-06 21:22:58,668 - \u0410\u043d\u043e\u043c\u0430\u043b\u044c\u043d\u043e\u0435 \u043f\u043e\u0432\u0435\u0434\u0435\u043d\u0438\u0435 \u043e\u0431\u043d\u0430\u0440\u0443\u0436\u0435\u043d\u043e \u0432 \u0438\u043d\u0434\u0435\u043a\u0441\u0435 68: [-0.55945269  0.13336798 -1.5407542  -0.26500391 -1.06874181  1.19495975
  0.791909    1.14362406]
2024-06-06 21:22:58,669 - \u0410\u043d\u043e\u043c\u0430\u043b\u044c\u043d\u043e\u0435 \u043f\u043e\u0432\u0435\u0434\u0435\u043d\u0438\u0435 \u043e\u0431\u043d\u0430\u0440\u0443\u0436\u0435\u043d\u043e \u0432 \u0438\u043d\u0434\u0435\u043a\u0441\u0435 69: [-0.61487834  0.90239892 -1.00487145 -1.56404266 -0.78865266 -1.25122193
  1.19175764  0.3691573 ]
2024-06-06 21:22:58,669 - \u0410\u043d\u043e\u043c\u0430\u043b\u044c\u043d\u043e\u0435 \u043f\u043e\u0432\u0435\u0434\u0435\u043d\u0438\u0435 \u043e\u0431\u043d\u0430\u0440\u0443\u0436\u0435\u043d\u043e \u0432 \u0438\u043d\u0434\u0435\u043a\u0441\u0435 71: [-0.73265786 -1.22802464 -0.03919519  1.24534515  0.2767531  -1.25122193
  1.17970363  0.48439297]
2024-06-06 21:22:58,669 - \u0410\u043d\u043e\u043c\u0430\u043b\u044c\u043d\u043e\u0435 \u043f\u043e\u0432\u0435\u0434\u0435\u043d\u0438\u0435 \u043e\u0431\u043d\u0430\u0440\u0443\u0436\u0435\u043d\u043e \u0432 \u0438\u043d\u0434\u0435\u043a\u0441\u0435 75: [ 0.02944488 -0.94396816  0.98540228 -1.07213999  0.77941975 -0.02813109
 -1.62578041 -0.47659639]
2024-06-06 21:22:58,669 - \u0410\u043d\u043e\u043c\u0430\u043b\u044c\u043d\u043e\u0435 \u043f\u043e\u0432\u0435\u0434\u0435\u043d\u0438\u0435 \u043e\u0431\u043d\u0430\u0440\u0443\u0436\u0435\u043d\u043e \u0432 \u0438\u043d\u0434\u0435\u043a\u0441\u0435 76: [ 0.74997837 -0.52827576 -1.28487666  1.49129649  1.57540642  1.19495975
  0.1020754   0.41275998]
2024-06-06 21:22:58,669 - \u0410\u043d\u043e\u043c\u0430\u043b\u044c\u043d\u043e\u0435 \u043f\u043e\u0432\u0435\u0434\u0435\u043d\u0438\u0435 \u043e\u0431\u043d\u0430\u0440\u0443\u0436\u0435\u043d\u043e \u0432 \u0438\u043d\u0434\u0435\u043a\u0441\u0435 77: [ 1.49476059 -0.16800901  1.42358352  0.90586303 -1.52253957 -1.25122193
 -0.09939872 -0.68838087]
2024-06-06 21:22:58,669 - \u0410\u043d\u043e\u043c\u0430\u043b\u044c\u043d\u043e\u0435 \u043f\u043e\u0432\u0435\u0434\u0435\u043d\u0438\u0435 \u043e\u0431\u043d\u0430\u0440\u0443\u0436\u0435\u043d\u043e \u0432 \u0438\u043d\u0434\u0435\u043a\u0441\u0435 78: [-0.93357585  1.15181436 -0.55778472  0.13336798 -1.15244845 -1.25122193
 -0.53678698 -0.9794115 ]
2024-06-06 21:22:58,670 - \u0410\u043d\u043e\u043c\u0430\u043b\u044c\u043d\u043e\u0435 \u043f\u043e\u0432\u0435\u0434\u0435\u043d\u0438\u0435 \u043e\u0431\u043d\u0430\u0440\u0443\u0436\u0435\u043d\u043e \u0432 \u0438\u043d\u0434\u0435\u043a\u0441\u0435 79: [ 0.42088856  1.44972725  0.9571843  -0.47977831  0.05791011 -0.02813109
  1.50240662 -0.63820318]
2024-06-06 21:22:58,670 - \u0410\u043d\u043e\u043c\u0430\u043b\u044c\u043d\u043e\u0435 \u043f\u043e\u0432\u0435\u0434\u0435\u043d\u0438\u0435 \u043e\u0431\u043d\u0430\u0440\u0443\u0436\u0435\u043d\u043e \u0432 \u0438\u043d\u0434\u0435\u043a\u0441\u0435 81: [-0.92664765 -0.3654629  -1.4776909  -0.27193211 -0.83704139 -1.25122193
 -0.14348195  1.55577326]
2024-06-06 21:22:58,670 - \u0410\u043d\u043e\u043c\u0430\u043b\u044c\u043d\u043e\u0435 \u043f\u043e\u0432\u0435\u0434\u0435\u043d\u0438\u0435 \u043e\u0431\u043d\u0430\u0440\u0443\u0436\u0435\u043d\u043e \u0432 \u0438\u043d\u0434\u0435\u043a\u0441\u0435 83: [-0.31350135 -0.19572184  1.59791368 -1.38390929  0.30166769 -0.02813109
  0.1027642  -0.26411981]
2024-06-06 21:22:58,670 - \u0410\u043d\u043e\u043c\u0430\u043b\u044c\u043d\u043e\u0435 \u043f\u043e\u0432\u0435\u0434\u0435\u043d\u0438\u0435 \u043e\u0431\u043d\u0430\u0440\u0443\u0436\u0435\u043d\u043e \u0432 \u0438\u043d\u0434\u0435\u043a\u0441\u0435 85: [-1.23495284 -0.90239892 -1.29818312  1.30769901 -0.77979651 -0.02813109
 -0.35494367 -0.11324067]
2024-06-06 21:22:58,670 - \u0410\u043d\u043e\u043c\u0430\u043b\u044c\u043d\u043e\u0435 \u043f\u043e\u0432\u0435\u0434\u0435\u043d\u0438\u0435 \u043e\u0431\u043d\u0430\u0440\u0443\u0436\u0435\u043d\u043e \u0432 \u0438\u043d\u0434\u0435\u043a\u0441\u0435 86: [ 1.40815801  1.21416822 -1.09418524 -1.73031962 -0.67506984 -0.02813109
  0.45749641 -1.22753155]
2024-06-06 21:22:58,670 - \u0410\u043d\u043e\u043c\u0430\u043b\u044c\u043d\u043e\u0435 \u043f\u043e\u0432\u0435\u0434\u0435\u043d\u0438\u0435 \u043e\u0431\u043d\u0430\u0440\u0443\u0436\u0435\u043d\u043e \u0432 \u0438\u043d\u0434\u0435\u043a\u0441\u0435 87: [ 0.34467828 -0.71880144 -0.01786343  1.48436828  0.16695815 -1.25122193
  0.65242692  0.65776556]
2024-06-06 21:22:58,670 - \u0410\u043d\u043e\u043c\u0430\u043b\u044c\u043d\u043e\u0435 \u043f\u043e\u0432\u0435\u0434\u0435\u043d\u0438\u0435 \u043e\u0431\u043d\u0430\u0440\u0443\u0436\u0435\u043d\u043e \u0432 \u0438\u043d\u0434\u0435\u043a\u0441\u0435 91: [-0.76037068  1.24188105 -1.10076081  0.08833464  0.59872224  1.19495975
 -0.43484452  0.98513176]
2024-06-06 21:22:58,671 - \u0410\u043d\u043e\u043c\u0430\u043b\u044c\u043d\u043e\u0435 \u043f\u043e\u0432\u0435\u0434\u0435\u043d\u0438\u0435 \u043e\u0431\u043d\u0430\u0440\u0443\u0436\u0435\u043d\u043e \u0432 \u0438\u043d\u0434\u0435\u043a\u0441\u0435 94: [-0.12643977 -1.24880926  0.09915058  1.7026068  -1.15901054 -1.25122193
  0.55633926 -1.22234075]
2024-06-06 21:22:58,671 - \u0410\u043d\u043e\u043c\u0430\u043b\u044c\u043d\u043e\u0435 \u043f\u043e\u0432\u0435\u0434\u0435\u043d\u0438\u0435 \u043e\u0431\u043d\u0430\u0440\u0443\u0436\u0435\u043d\u043e \u0432 \u0438\u043d\u0434\u0435\u043a\u0441\u0435 96: [ 0.74651427  0.12990388  0.11944682  0.34467828  1.08469024  1.19495975
 -0.75754751 -0.48974641]
2024-06-06 21:22:58,671 - \u0410\u043d\u043e\u043c\u0430\u043b\u044c\u043d\u043e\u0435 \u043f\u043e\u0432\u0435\u0434\u0435\u043d\u0438\u0435 \u043e\u0431\u043d\u0430\u0440\u0443\u0436\u0435\u043d\u043e \u0432 \u0438\u043d\u0434\u0435\u043a\u0441\u0435 97: [ 1.32155543 -0.4659219  -1.49710694 -0.5733091   1.41044725  1.19495975
  0.53326445  0.76746438]
2024-06-06 21:22:58,671 - \u0410\u043d\u043e\u043c\u0430\u043b\u044c\u043d\u043e\u0435 \u043f\u043e\u0432\u0435\u0434\u0435\u043d\u0438\u0435 \u043e\u0431\u043d\u0430\u0440\u0443\u0436\u0435\u043d\u043e \u0432 \u0438\u043d\u0434\u0435\u043a\u0441\u0435 98: [ 1.12410154  0.79847582  0.4608585  -1.66796576  1.36830051 -1.25122193
 -1.30962103  1.61183386]
2024-06-06 21:22:58,671 - \u0410\u043d\u043e\u043c\u0430\u043b\u044c\u043d\u043e\u0435 \u043f\u043e\u0432\u0435\u0434\u0435\u043d\u0438\u0435 \u043e\u0431\u043d\u0430\u0440\u0443\u0436\u0435\u043d\u043e \u0432 \u0438\u043d\u0434\u0435\u043a\u0441\u0435 110: [ 0.80540403  0.44513728 -1.10899321  0.99592971 -1.51379012  1.19495975
 -0.4134917   0.18886365]
2024-06-06 21:22:58,672 - \u0410\u043d\u043e\u043c\u0430\u043b\u044c\u043d\u043e\u0435 \u043f\u043e\u0432\u0435\u0434\u0435\u043d\u0438\u0435 \u043e\u0431\u043d\u0430\u0440\u0443\u0436\u0435\u043d\u043e \u0432 \u0438\u043d\u0434\u0435\u043a\u0441\u0435 114: [ 0.27886032  0.08833464 -1.31702962 -0.23382698 -0.6672807   1.19495975
  1.08568237  0.804146  ]
2024-06-06 21:22:58,672 - \u0410\u043d\u043e\u043c\u0430\u043b\u044c\u043d\u043e\u0435 \u043f\u043e\u0432\u0435\u0434\u0435\u043d\u0438\u0435 \u043e\u0431\u043d\u0430\u0440\u0443\u0436\u0435\u043d\u043e \u0432 \u0438\u043d\u0434\u0435\u043a\u0441\u0435 118: [ 0.64259117  1.42201442 -0.33866822  0.45206549  1.32668726 -0.02813109
 -0.67558026 -1.58500436]
2024-06-06 21:22:58,672 - \u0410\u043d\u043e\u043c\u0430\u043b\u044c\u043d\u043e\u0435 \u043f\u043e\u0432\u0435\u0434\u0435\u043d\u0438\u0435 \u043e\u0431\u043d\u0430\u0440\u0443\u0436\u0435\u043d\u043e \u0432 \u0438\u043d\u0434\u0435\u043a\u0441\u0435 122: [ 1.64371704 -0.469386   -0.06793093  1.48090418 -1.41669255 -0.02813109
 -0.21029558 -1.17250911]
2024-06-06 21:22:58,672 - \u0410\u043d\u043e\u043c\u0430\u043b\u044c\u043d\u043e\u0435 \u043f\u043e\u0432\u0435\u0434\u0435\u043d\u0438\u0435 \u043e\u0431\u043d\u0430\u0440\u0443\u0436\u0435\u043d\u043e \u0432 \u0438\u043d\u0434\u0435\u043a\u0441\u0435 126: [ 1.34234005 -0.80886813 -1.04924358 -1.26266567 -0.60720824  1.19495975
 -0.35666567 -0.43264765]
2024-06-06 21:22:58,672 - \u0410\u043d\u043e\u043c\u0430\u043b\u044c\u043d\u043e\u0435 \u043f\u043e\u0432\u0435\u0434\u0435\u043d\u0438\u0435 \u043e\u0431\u043d\u0430\u0440\u0443\u0436\u0435\u043d\u043e \u0432 \u0438\u043d\u0434\u0435\u043a\u0441\u0435 129: [ 1.13449385  1.50861701 -0.57202315  1.48783239 -0.94342192 -0.02813109
 -1.17633815 -0.20183026]
2024-06-06 21:22:58,672 - \u0410\u043d\u043e\u043c\u0430\u043b\u044c\u043d\u043e\u0435 \u043f\u043e\u0432\u0435\u0434\u0435\u043d\u0438\u0435 \u043e\u0431\u043d\u0430\u0440\u0443\u0436\u0435\u043d\u043e \u0432 \u0438\u043d\u0434\u0435\u043a\u0441\u0435 131: [ 1.0825323   1.41508622 -1.54903838  0.0536936   1.06799159 -0.02813109
 -1.38435587 -0.76382044]
2024-06-06 21:22:58,672 - \u0410\u043d\u043e\u043c\u0430\u043b\u044c\u043d\u043e\u0435 \u043f\u043e\u0432\u0435\u0434\u0435\u043d\u0438\u0435 \u043e\u0431\u043d\u0430\u0440\u0443\u0436\u0435\u043d\u043e \u0432 \u0438\u043d\u0434\u0435\u043a\u0441\u0435 134: [ 0.52827576 -1.52247342 -1.42518992 -0.2580757   0.209425   -0.02813109
  0.11688461 -1.62133994]
2024-06-06 21:22:58,672 - \u0410\u043d\u043e\u043c\u0430\u043b\u044c\u043d\u043e\u0435 \u043f\u043e\u0432\u0435\u0434\u0435\u043d\u0438\u0435 \u043e\u0431\u043d\u0430\u0440\u0443\u0436\u0435\u043d\u043e \u0432 \u0438\u043d\u0434\u0435\u043a\u0441\u0435 135: [-1.42201442  1.48436828 -1.277628   -1.48783239  0.30385506  1.19495975
 -0.60911102  0.27503086]
2024-06-06 21:22:58,673 - \u0410\u043d\u043e\u043c\u0430\u043b\u044c\u043d\u043e\u0435 \u043f\u043e\u0432\u0435\u0434\u0435\u043d\u0438\u0435 \u043e\u0431\u043d\u0430\u0440\u0443\u0436\u0435\u043d\u043e \u0432 \u0438\u043d\u0434\u0435\u043a\u0441\u0435 137: [-0.28232442  1.56404266 -0.80589585 -1.12756564 -0.66600029 -0.02813109
  0.35555395 -1.22095654]
2024-06-06 21:22:58,673 - \u0410\u043d\u043e\u043c\u0430\u043b\u044c\u043d\u043e\u0435 \u043f\u043e\u0432\u0435\u0434\u0435\u043d\u0438\u0435 \u043e\u0431\u043d\u0430\u0440\u0443\u0436\u0435\u043d\u043e \u0432 \u0438\u043d\u0434\u0435\u043a\u0441\u0435 138: [-0.65644758  0.60448603 -0.27394808  1.30077081 -0.61569094  1.19495975
  1.29025609  1.52359033]
2024-06-06 21:22:58,673 - \u0410\u043d\u043e\u043c\u0430\u043b\u044c\u043d\u043e\u0435 \u043f\u043e\u0432\u0435\u0434\u0435\u043d\u0438\u0435 \u043e\u0431\u043d\u0430\u0440\u0443\u0436\u0435\u043d\u043e \u0432 \u0438\u043d\u0434\u0435\u043a\u0441\u0435 139: [ 0.80886813  1.34926825  0.3412039  -0.61834245  1.1035229  -0.02813109
 -0.05118269 -0.4035792 ]
2024-06-06 21:22:58,673 - \u0410\u043d\u043e\u043c\u0430\u043b\u044c\u043d\u043e\u0435 \u043f\u043e\u0432\u0435\u0434\u0435\u043d\u0438\u0435 \u043e\u0431\u043d\u0430\u0440\u0443\u0436\u0435\u043d\u043e \u0432 \u0438\u043d\u0434\u0435\u043a\u0441\u0435 141: [-0.90239892 -0.35507059  1.51149935  1.12410154  0.12000988  1.19495975
  0.40032597 -0.12812096]
2024-06-06 21:22:58,673 - \u0410\u043d\u043e\u043c\u0430\u043b\u044c\u043d\u043e\u0435 \u043f\u043e\u0432\u0435\u0434\u0435\u043d\u0438\u0435 \u043e\u0431\u043d\u0430\u0440\u0443\u0436\u0435\u043d\u043e \u0432 \u0438\u043d\u0434\u0435\u043a\u0441\u0435 142: [-1.48783239  1.03057075 -0.74925278  1.64371704  0.48188505 -1.25122193
 -1.35852586  0.05113453]
2024-06-06 21:22:58,673 - \u0410\u043d\u043e\u043c\u0430\u043b\u044c\u043d\u043e\u0435 \u043f\u043e\u0432\u0435\u0434\u0435\u043d\u0438\u0435 \u043e\u0431\u043d\u0430\u0440\u0443\u0436\u0435\u043d\u043e \u0432 \u0438\u043d\u0434\u0435\u043a\u0441\u0435 145: [-0.35160649 -0.14029619  1.55923693  1.11370923  1.17853344 -0.02813109
  0.15407983  0.7252459 ]
2024-06-06 21:22:58,673 - \u0410\u043d\u043e\u043c\u0430\u043b\u044c\u043d\u043e\u0435 \u043f\u043e\u0432\u0435\u0434\u0435\u043d\u0438\u0435 \u043e\u0431\u043d\u0430\u0440\u0443\u0436\u0435\u043d\u043e \u0432 \u0438\u043d\u0434\u0435\u043a\u0441\u0435 147: [-0.47285011  1.32848363  0.33908108 -0.16800901 -0.55311103 -1.25122193
 -0.22303839  0.79445652]
2024-06-06 21:22:58,673 - \u0410\u043d\u043e\u043c\u0430\u043b\u044c\u043d\u043e\u0435 \u043f\u043e\u0432\u0435\u0434\u0435\u043d\u0438\u0435 \u043e\u0431\u043d\u0430\u0440\u0443\u0436\u0435\u043d\u043e \u0432 \u0438\u043d\u0434\u0435\u043a\u0441\u0435 150: [ 0.39663983 -1.24188105 -1.35648302 -1.13449385 -0.79953612  1.19495975
  1.1280436  -0.58629522]
2024-06-06 21:22:58,673 - \u0410\u043d\u043e\u043c\u0430\u043b\u044c\u043d\u043e\u0435 \u043f\u043e\u0432\u0435\u0434\u0435\u043d\u0438\u0435 \u043e\u0431\u043d\u0430\u0440\u0443\u0436\u0435\u043d\u043e \u0432 \u0438\u043d\u0434\u0435\u043a\u0441\u0435 153: [-0.18879363  1.44279904  0.65367274 -1.26959388 -0.27937057 -1.25122193
  0.55875007 -1.38740806]
2024-06-06 21:22:58,673 - \u0410\u043d\u043e\u043c\u0430\u043b\u044c\u043d\u043e\u0435 \u043f\u043e\u0432\u0435\u0434\u0435\u043d\u0438\u0435 \u043e\u0431\u043d\u0430\u0440\u0443\u0436\u0435\u043d\u043e \u0432 \u0438\u043d\u0434\u0435\u043a\u0441\u0435 155: [-0.41742445  0.24421929  1.3295581   1.2973067   0.53118074  1.19495975
  0.03526176  1.28204529]
2024-06-06 21:22:58,674 - \u0410\u043d\u043e\u043c\u0430\u043b\u044c\u043d\u043e\u0435 \u043f\u043e\u0432\u0435\u0434\u0435\u043d\u0438\u0435 \u043e\u0431\u043d\u0430\u0440\u0443\u0436\u0435\u043d\u043e \u0432 \u0438\u043d\u0434\u0435\u043a\u0441\u0435 157: [-1.47397597  1.07213999 -1.21684285  0.89547072 -0.92688332 -1.25122193
 -0.17241156  1.37201908]
2024-06-06 21:22:58,674 - \u0410\u043d\u043e\u043c\u0430\u043b\u044c\u043d\u043e\u0435 \u043f\u043e\u0432\u0435\u0434\u0435\u043d\u0438\u0435 \u043e\u0431\u043d\u0430\u0440\u0443\u0436\u0435\u043d\u043e \u0432 \u0438\u043d\u0434\u0435\u043a\u0441\u0435 158: [-0.94743227  1.61254011  0.13114822  1.66450166 -0.57818567  1.19495975
 -1.37505707  0.13314911]
2024-06-06 21:22:58,674 - \u0410\u043d\u043e\u043c\u0430\u043b\u044c\u043d\u043e\u0435 \u043f\u043e\u0432\u0435\u0434\u0435\u043d\u0438\u0435 \u043e\u0431\u043d\u0430\u0440\u0443\u0436\u0435\u043d\u043e \u0432 \u0438\u043d\u0434\u0435\u043a\u0441\u0435 159: [-0.0467654   1.28691439  1.77281339 -1.46011956 -0.17709802 -0.02813109
  0.91623747 -1.39848176]
2024-06-06 21:22:58,674 - \u0410\u043d\u043e\u043c\u0430\u043b\u044c\u043d\u043e\u0435 \u043f\u043e\u0432\u0435\u0434\u0435\u043d\u0438\u0435 \u043e\u0431\u043d\u0430\u0440\u0443\u0436\u0435\u043d\u043e \u0432 \u0438\u043d\u0434\u0435\u043a\u0441\u0435 161: [-1.43933494  1.64371704  1.61463737 -0.69801682 -0.44096867 -0.02813109
  0.22054907  1.05468842]
2024-06-06 21:22:58,674 - \u0410\u043d\u043e\u043c\u0430\u043b\u044c\u043d\u043e\u0435 \u043f\u043e\u0432\u0435\u0434\u0435\u043d\u0438\u0435 \u043e\u0431\u043d\u0430\u0440\u0443\u0436\u0435\u043d\u043e \u0432 \u0438\u043d\u0434\u0435\u043a\u0441\u0435 162: [-0.06755002  1.02017844  0.03898674 -0.23036287  1.50055593 -1.25122193
 -0.45688613 -1.19154203]
2024-06-06 21:22:58,674 - \u0410\u043d\u043e\u043c\u0430\u043b\u044c\u043d\u043e\u0435 \u043f\u043e\u0432\u0435\u0434\u0435\u043d\u0438\u0435 \u043e\u0431\u043d\u0430\u0440\u0443\u0436\u0435\u043d\u043e \u0432 \u0438\u043d\u0434\u0435\u043a\u0441\u0435 165: [-1.00632202 -1.38390929 -0.83494225  1.54672214 -1.60229829 -1.25122193
 -0.20719598 -1.37114357]
2024-06-06 21:22:58,674 - \u0410\u043d\u043e\u043c\u0430\u043b\u044c\u043d\u043e\u0435 \u043f\u043e\u0432\u0435\u0434\u0435\u043d\u0438\u0435 \u043e\u0431\u043d\u0430\u0440\u0443\u0436\u0435\u043d\u043e \u0432 \u0438\u043d\u0434\u0435\u043a\u0441\u0435 166: [-1.23841695 -0.00519616  0.00445207 -1.69567859  1.11728728 -1.25122193
 -0.42416811  0.3698494 ]
2024-06-06 21:22:58,674 - \u0410\u043d\u043e\u043c\u0430\u043b\u044c\u043d\u043e\u0435 \u043f\u043e\u0432\u0435\u0434\u0435\u043d\u0438\u0435 \u043e\u0431\u043d\u0430\u0440\u0443\u0436\u0435\u043d\u043e \u0432 \u0438\u043d\u0434\u0435\u043a\u0441\u0435 167: [-0.86429379  0.49363473  1.13436216 -1.53286573  1.71913217 -0.02813109
  0.36450835 -0.96072463]
2024-06-06 21:22:58,674 - \u0410\u043d\u043e\u043c\u0430\u043b\u044c\u043d\u043e\u0435 \u043f\u043e\u0432\u0435\u0434\u0435\u043d\u0438\u0435 \u043e\u0431\u043d\u0430\u0440\u0443\u0436\u0435\u043d\u043e \u0432 \u0438\u043d\u0434\u0435\u043a\u0441\u0435 174: [-0.12297567  0.3619988  -1.16951948  1.51554521  1.73220299  1.19495975
  0.59870049 -1.27943951]
2024-06-06 21:22:58,675 - \u0410\u043d\u043e\u043c\u0430\u043b\u044c\u043d\u043e\u0435 \u043f\u043e\u0432\u0435\u0434\u0435\u043d\u0438\u0435 \u043e\u0431\u043d\u0430\u0440\u0443\u0436\u0435\u043d\u043e \u0432 \u0438\u043d\u0434\u0435\u043a\u0441\u0435 175: [-1.72685552 -1.62639652  0.35823824  0.76383479 -1.24463779 -1.25122193
  0.12308381  1.41596782]
2024-06-06 21:22:58,675 - \u0410\u043d\u043e\u043c\u0430\u043b\u044c\u043d\u043e\u0435 \u043f\u043e\u0432\u0435\u0434\u0435\u043d\u0438\u0435 \u043e\u0431\u043d\u0430\u0440\u0443\u0436\u0435\u043d\u043e \u0432 \u0438\u043d\u0434\u0435\u043a\u0441\u0435 177: [-1.35273236 -1.31462722  0.7916043  -1.59521959 -1.50536077 -0.02813109
  0.58974608 -1.36768304]
2024-06-06 21:22:58,675 - \u0410\u043d\u043e\u043c\u0430\u043b\u044c\u043d\u043e\u0435 \u043f\u043e\u0432\u0435\u0434\u0435\u043d\u0438\u0435 \u043e\u0431\u043d\u0430\u0440\u0443\u0436\u0435\u043d\u043e \u0432 \u0438\u043d\u0434\u0435\u043a\u0441\u0435 179: [ 1.51554521 -0.12990388  0.23718569  1.41508622  0.14705848 -0.02813109
 -1.4391155  -0.12466043]
2024-06-06 21:22:58,675 - \u0410\u043d\u043e\u043c\u0430\u043b\u044c\u043d\u043e\u0435 \u043f\u043e\u0432\u0435\u0434\u0435\u043d\u0438\u0435 \u043e\u0431\u043d\u0430\u0440\u0443\u0436\u0435\u043d\u043e \u0432 \u0438\u043d\u0434\u0435\u043a\u0441\u0435 182: [-0.37585521  0.88854251 -1.25018666 -0.35507059 -0.80956598 -1.25122193
  0.15580183 -0.49078457]
2024-06-06 21:22:58,675 - \u0410\u043d\u043e\u043c\u0430\u043b\u044c\u043d\u043e\u0435 \u043f\u043e\u0432\u0435\u0434\u0435\u043d\u0438\u0435 \u043e\u0431\u043d\u0430\u0440\u0443\u0436\u0435\u043d\u043e \u0432 \u0438\u043d\u0434\u0435\u043a\u0441\u0435 184: [-1.13449385  0.09179874 -0.49674069  1.609076   -1.53400989 -0.02813109
 -1.03169007  0.43767581]
2024-06-06 21:22:58,675 - \u0410\u043d\u043e\u043c\u0430\u043b\u044c\u043d\u043e\u0435 \u043f\u043e\u0432\u0435\u0434\u0435\u043d\u0438\u0435 \u043e\u0431\u043d\u0430\u0440\u0443\u0436\u0435\u043d\u043e \u0432 \u0438\u043d\u0434\u0435\u043a\u0441\u0435 185: [-1.28691439  0.13683208 -1.50772104 -0.42781676 -1.2812361   1.19495975
 -0.16104636 -0.72990724]
2024-06-06 21:22:58,675 - \u0410\u043d\u043e\u043c\u0430\u043b\u044c\u043d\u043e\u0435 \u043f\u043e\u0432\u0435\u0434\u0435\u043d\u0438\u0435 \u043e\u0431\u043d\u0430\u0440\u0443\u0436\u0435\u043d\u043e \u0432 \u0438\u043d\u0434\u0435\u043a\u0441\u0435 186: [ 1.04789126 -0.28925263  0.81345382 -0.95089637 -0.7616574  -0.02813109
 -0.08872231 -0.39908051]
2024-06-06 21:22:58,675 - \u0410\u043d\u043e\u043c\u0430\u043b\u044c\u043d\u043e\u0435 \u043f\u043e\u0432\u0435\u0434\u0435\u043d\u0438\u0435 \u043e\u0431\u043d\u0430\u0440\u0443\u0436\u0435\u043d\u043e \u0432 \u0438\u043d\u0434\u0435\u043a\u0441\u0435 187: [ 1.03403485 -0.6772322  -1.49301663 -0.24075518  1.49762167  1.19495975
 -0.00468866  1.31941902]
2024-06-06 21:22:58,675 - \u0410\u043d\u043e\u043c\u0430\u043b\u044c\u043d\u043e\u0435 \u043f\u043e\u0432\u0435\u0434\u0435\u043d\u0438\u0435 \u043e\u0431\u043d\u0430\u0440\u0443\u0436\u0435\u043d\u043e \u0432 \u0438\u043d\u0434\u0435\u043a\u0441\u0435 188: [ 0.96821689 -1.34234005  0.62421213  0.19225774  0.77317776 -0.02813109
  1.33916092 -1.23791314]
2024-06-06 21:22:58,676 - \u0410\u043d\u043e\u043c\u0430\u043b\u044c\u043d\u043e\u0435 \u043f\u043e\u0432\u0435\u0434\u0435\u043d\u0438\u0435 \u043e\u0431\u043d\u0430\u0440\u0443\u0436\u0435\u043d\u043e \u0432 \u0438\u043d\u0434\u0435\u043a\u0441\u0435 189: [-1.14488616 -0.1506885   1.02941198  1.64025293 -1.64055046 -0.02813109
 -1.05028768 -1.46215553]
2024-06-06 21:22:58,676 - \u0410\u043d\u043e\u043c\u0430\u043b\u044c\u043d\u043e\u0435 \u043f\u043e\u0432\u0435\u0434\u0435\u043d\u0438\u0435 \u043e\u0431\u043d\u0430\u0440\u0443\u0436\u0435\u043d\u043e \u0432 \u0438\u043d\u0434\u0435\u043a\u0441\u0435 191: [-0.16800901 -1.34926825  1.73242802 -0.39317573 -0.37998926  1.19495975
 -1.07611769 -0.07240641]
2024-06-06 21:22:58,676 - \u0410\u043d\u043e\u043c\u0430\u043b\u044c\u043d\u043e\u0435 \u043f\u043e\u0432\u0435\u0434\u0435\u043d\u0438\u0435 \u043e\u0431\u043d\u0430\u0440\u0443\u0436\u0435\u043d\u043e \u0432 \u0438\u043d\u0434\u0435\u043a\u0441\u0435 192: [ 0.26846801 -0.33775008 -0.0677756  -0.02251667  1.45739553  1.19495975
  0.47265002 -0.52919646]
2024-06-06 21:22:58,676 - \u0410\u043d\u043e\u043c\u0430\u043b\u044c\u043d\u043e\u0435 \u043f\u043e\u0432\u0435\u0434\u0435\u043d\u0438\u0435 \u043e\u0431\u043d\u0430\u0440\u0443\u0436\u0435\u043d\u043e \u0432 \u0438\u043d\u0434\u0435\u043a\u0441\u0435 193: [-1.46358366 -0.82965275 -0.27840083  0.32735777 -0.72826011  1.19495975
 -0.54711898  0.82179471]
2024-06-06 21:22:58,676 - \u0410\u043d\u043e\u043c\u0430\u043b\u044c\u043d\u043e\u0435 \u043f\u043e\u0432\u0435\u0434\u0435\u043d\u0438\u0435 \u043e\u0431\u043d\u0430\u0440\u0443\u0436\u0435\u043d\u043e \u0432 \u0438\u043d\u0434\u0435\u043a\u0441\u0435 196: [ 1.07560409  0.670304   -0.41395069 -0.78461941  1.16386211 -0.02813109
 -0.32222565 -1.63033732]
2024-06-06 21:22:58,676 - \u0410\u043d\u043e\u043c\u0430\u043b\u044c\u043d\u043e\u0435 \u043f\u043e\u0432\u0435\u0434\u0435\u043d\u0438\u0435 \u043e\u0431\u043d\u0430\u0440\u0443\u0436\u0435\u043d\u043e \u0432 \u0438\u043d\u0434\u0435\u043a\u0441\u0435 197: [ 1.49129649 -1.1933836  -0.95242225 -0.8781502   1.24292727  1.19495975
 -0.87051077  0.77265517]
2024-06-06 21:22:58,677 - \u0410\u043d\u043e\u043c\u0430\u043b\u044c\u043d\u043e\u0435 \u043f\u043e\u0432\u0435\u0434\u0435\u043d\u0438\u0435 \u043e\u0431\u043d\u0430\u0440\u0443\u0436\u0435\u043d\u043e \u0432 \u0438\u043d\u0434\u0435\u043a\u0441\u0435 198: [ 0.40356804 -0.39663983  0.14372981  0.49363473  1.27856528 -1.25122193
  1.04917595 -0.92231274]
2024-06-06 21:22:58,677 - \u0410\u043d\u043e\u043c\u0430\u043b\u044c\u043d\u043e\u0435 \u043f\u043e\u0432\u0435\u0434\u0435\u043d\u0438\u0435 \u043e\u0431\u043d\u0430\u0440\u0443\u0436\u0435\u043d\u043e \u0432 \u0438\u043d\u0434\u0435\u043a\u0441\u0435 202: [ 0.61487834  0.63219886  0.19131206  0.39317573  1.29542398 -1.25122193
  1.44833579  0.23142818]
2024-06-06 21:22:58,677 - \u0410\u043d\u043e\u043c\u0430\u043b\u044c\u043d\u043e\u0435 \u043f\u043e\u0432\u0435\u0434\u0435\u043d\u0438\u0435 \u043e\u0431\u043d\u0430\u0440\u0443\u0436\u0435\u043d\u043e \u0432 \u0438\u043d\u0434\u0435\u043a\u0441\u0435 207: [ 0.18186543 -1.40815801 -1.0177637  -0.93011175 -1.03241024 -0.02813109
 -0.2392252  -0.77177966]
2024-06-06 21:22:58,677 - \u0410\u043d\u043e\u043c\u0430\u043b\u044c\u043d\u043e\u0435 \u043f\u043e\u0432\u0435\u0434\u0435\u043d\u0438\u0435 \u043e\u0431\u043d\u0430\u0440\u0443\u0436\u0435\u043d\u043e \u0432 \u0438\u043d\u0434\u0435\u043a\u0441\u0435 209: [ 1.37005287 -0.0467654  -1.34566181 -0.58370141  0.4390981  -0.02813109
  1.49655181  0.85986055]
2024-06-06 21:22:58,677 - \u0410\u043d\u043e\u043c\u0430\u043b\u044c\u043d\u043e\u0435 \u043f\u043e\u0432\u0435\u0434\u0435\u043d\u0438\u0435 \u043e\u0431\u043d\u0430\u0440\u0443\u0436\u0435\u043d\u043e \u0432 \u0438\u043d\u0434\u0435\u043a\u0441\u0435 212: [-0.65991169 -1.71299911 -0.03805612  1.19684771 -1.51464372 -0.02813109
  0.81326181 -0.29284222]
2024-06-06 21:22:58,677 - \u0410\u043d\u043e\u043c\u0430\u043b\u044c\u043d\u043e\u0435 \u043f\u043e\u0432\u0435\u0434\u0435\u043d\u0438\u0435 \u043e\u0431\u043d\u0430\u0440\u0443\u0436\u0435\u043d\u043e \u0432 \u0438\u043d\u0434\u0435\u043a\u0441\u0435 215: [-0.78461941  1.33887594  1.53081184 -0.72226555 -0.56036667 -1.25122193
 -1.5958176   0.65222871]
2024-06-06 21:22:58,677 - \u0410\u043d\u043e\u043c\u0430\u043b\u044c\u043d\u043e\u0435 \u043f\u043e\u0432\u0435\u0434\u0435\u043d\u0438\u0435 \u043e\u0431\u043d\u0430\u0440\u0443\u0436\u0435\u043d\u043e \u0432 \u0438\u043d\u0434\u0435\u043a\u0441\u0435 217: [ 1.31116312 -0.59062962 -1.42959089 -0.86429379  0.29297159 -1.25122193
 -1.23281978  1.51943769]
2024-06-06 21:22:58,678 - \u0410\u043d\u043e\u043c\u0430\u043b\u044c\u043d\u043e\u0435 \u043f\u043e\u0432\u0435\u0434\u0435\u043d\u0438\u0435 \u043e\u0431\u043d\u0430\u0440\u0443\u0436\u0435\u043d\u043e \u0432 \u0438\u043d\u0434\u0435\u043a\u0441\u0435 220: [ 1.58482728 -1.35273236 -1.19929075 -0.94743227  0.60661808  1.19495975
 -0.04153949  0.76365779]
2024-06-06 21:22:58,678 - \u0410\u043d\u043e\u043c\u0430\u043b\u044c\u043d\u043e\u0435 \u043f\u043e\u0432\u0435\u0434\u0435\u043d\u0438\u0435 \u043e\u0431\u043d\u0430\u0440\u0443\u0436\u0435\u043d\u043e \u0432 \u0438\u043d\u0434\u0435\u043a\u0441\u0435 225: [-0.62873476  0.18532953 -1.31583877  1.23148874 -1.38420221 -0.02813109
 -1.47872153 -1.41820679]
2024-06-06 21:22:58,678 - \u0410\u043d\u043e\u043c\u0430\u043b\u044c\u043d\u043e\u0435 \u043f\u043e\u0432\u0435\u0434\u0435\u043d\u0438\u0435 \u043e\u0431\u043d\u0430\u0440\u0443\u0436\u0435\u043d\u043e \u0432 \u0438\u043d\u0434\u0435\u043a\u0441\u0435 226: [-1.51554521 -1.41508622  0.04431968 -1.58136318 -0.38676475 -0.02813109
 -1.45185831  1.44572839]
2024-06-06 21:22:58,678 - \u0410\u043d\u043e\u043c\u0430\u043b\u044c\u043d\u043e\u0435 \u043f\u043e\u0432\u0435\u0434\u0435\u043d\u0438\u0435 \u043e\u0431\u043d\u0430\u0440\u0443\u0436\u0435\u043d\u043e \u0432 \u0438\u043d\u0434\u0435\u043a\u0441\u0435 227: [-1.66796576  1.46704777 -0.01755277 -1.72685552 -0.08992361 -0.02813109
 -0.08045671 -0.33852122]
2024-06-06 21:22:58,678 - \u0410\u043d\u043e\u043c\u0430\u043b\u044c\u043d\u043e\u0435 \u043f\u043e\u0432\u0435\u0434\u0435\u043d\u0438\u0435 \u043e\u0431\u043d\u0430\u0440\u0443\u0436\u0435\u043d\u043e \u0432 \u0438\u043d\u0434\u0435\u043a\u0441\u0435 229: [ 1.67142987 -1.14835026 -0.14409359  0.47977831 -1.53208928 -1.25122193
  0.30492712 -1.62791494]
2024-06-06 21:22:58,678 - \u0410\u043d\u043e\u043c\u0430\u043b\u044c\u043d\u043e\u0435 \u043f\u043e\u0432\u0435\u0434\u0435\u043d\u0438\u0435 \u043e\u0431\u043d\u0430\u0440\u0443\u0436\u0435\u043d\u043e \u0432 \u0438\u043d\u0434\u0435\u043a\u0441\u0435 232: [-0.52827576  0.94396816  0.39867539  0.35160649  0.38350707 -0.02813109
  0.56701567 -0.663119  ]
2024-06-06 21:22:58,678 - \u0410\u043d\u043e\u043c\u0430\u043b\u044c\u043d\u043e\u0435 \u043f\u043e\u0432\u0435\u0434\u0435\u043d\u0438\u0435 \u043e\u0431\u043d\u0430\u0440\u0443\u0436\u0435\u043d\u043e \u0432 \u0438\u043d\u0434\u0435\u043a\u0441\u0435 233: [ 0.40703214  0.41049625  1.46572927  0.62527065  0.87192919 -0.02813109
  1.72557795 -0.45306479]
2024-06-06 21:22:58,678 - \u0410\u043d\u043e\u043c\u0430\u043b\u044c\u043d\u043e\u0435 \u043f\u043e\u0432\u0435\u0434\u0435\u043d\u0438\u0435 \u043e\u0431\u043d\u0430\u0440\u0443\u0436\u0435\u043d\u043e \u0432 \u0438\u043d\u0434\u0435\u043a\u0441\u0435 235: [-1.65410935 -0.71533734 -1.46029413 -1.67142987 -1.60960728 -0.02813109
 -0.52611057 -1.58708068]
2024-06-06 21:22:58,678 - \u0410\u043d\u043e\u043c\u0430\u043b\u044c\u043d\u043e\u0435 \u043f\u043e\u0432\u0435\u0434\u0435\u043d\u0438\u0435 \u043e\u0431\u043d\u0430\u0440\u0443\u0436\u0435\u043d\u043e \u0432 \u0438\u043d\u0434\u0435\u043a\u0441\u0435 236: [ 0.55598859  1.54672214  0.25748193  0.41049625  0.16434399  1.19495975
 -1.11055771  1.21767942]
2024-06-06 21:22:58,679 - \u0410\u043d\u043e\u043c\u0430\u043b\u044c\u043d\u043e\u0435 \u043f\u043e\u0432\u0435\u0434\u0435\u043d\u0438\u0435 \u043e\u0431\u043d\u0430\u0440\u0443\u0436\u0435\u043d\u043e \u0432 \u0438\u043d\u0434\u0435\u043a\u0441\u0435 239: [-1.07906819 -0.88507841  1.36647447 -1.15181436 -0.12182709 -0.02813109
 -0.12109593 -1.62030178]
2024-06-06 21:22:58,679 - \u0410\u043d\u043e\u043c\u0430\u043b\u044c\u043d\u043e\u0435 \u043f\u043e\u0432\u0435\u0434\u0435\u043d\u0438\u0435 \u043e\u0431\u043d\u0430\u0440\u0443\u0436\u0435\u043d\u043e \u0432 \u0438\u043d\u0434\u0435\u043a\u0441\u0435 240: [-0.91625534  0.89547072  1.28477176 -0.32735777  0.57124683 -0.02813109
 -0.5743266  -0.20978948]
2024-06-06 21:22:58,679 - \u0410\u043d\u043e\u043c\u0430\u043b\u044c\u043d\u043e\u0435 \u043f\u043e\u0432\u0435\u0434\u0435\u043d\u0438\u0435 \u043e\u0431\u043d\u0430\u0440\u0443\u0436\u0435\u043d\u043e \u0432 \u0438\u043d\u0434\u0435\u043a\u0441\u0435 241: [-0.27886032  1.20377591 -0.59630615 -1.31116312  0.23572671 -1.25122193
  0.43683239 -0.4042713 ]
2024-06-06 21:22:58,679 - \u0410\u043d\u043e\u043c\u0430\u043b\u044c\u043d\u043e\u0435 \u043f\u043e\u0432\u0435\u0434\u0435\u043d\u0438\u0435 \u043e\u0431\u043d\u0430\u0440\u0443\u0436\u0435\u043d\u043e \u0432 \u0438\u043d\u0434\u0435\u043a\u0441\u0435 243: [ 0.69108862 -0.60102193 -1.125924   -1.27305798  0.32876965  1.19495975
 -0.16104636  1.05192   ]
2024-06-06 21:22:58,679 - \u0410\u043d\u043e\u043c\u0430\u043b\u044c\u043d\u043e\u0435 \u043f\u043e\u0432\u0435\u0434\u0435\u043d\u0438\u0435 \u043e\u0431\u043d\u0430\u0440\u0443\u0436\u0435\u043d\u043e \u0432 \u0438\u043d\u0434\u0435\u043a\u0441\u0435 244: [ 0.14722439  0.94050406 -0.46277556 -0.70494503  0.16466409 -0.02813109
 -0.66283745 -0.44129898]
2024-06-06 21:22:58,679 - \u0410\u043d\u043e\u043c\u0430\u043b\u044c\u043d\u043e\u0435 \u043f\u043e\u0432\u0435\u0434\u0435\u043d\u0438\u0435 \u043e\u0431\u043d\u0430\u0440\u0443\u0436\u0435\u043d\u043e \u0432 \u0438\u043d\u0434\u0435\u043a\u0441\u0435 245: [ 1.53979394  0.84350917 -1.53811362 -1.1864554   0.53171424 -0.02813109
  0.47230561  0.72109327]
2024-06-06 21:22:58,679 - \u0410\u043d\u043e\u043c\u0430\u043b\u044c\u043d\u043e\u0435 \u043f\u043e\u0432\u0435\u0434\u0435\u043d\u0438\u0435 \u043e\u0431\u043d\u0430\u0440\u0443\u0436\u0435\u043d\u043e \u0432 \u0438\u043d\u0434\u0435\u043a\u0441\u0435 247: [-0.94396816  0.80886813  1.73801984 -1.71646321  1.24911591  1.19495975
 -1.40157588  0.37850073]
2024-06-06 21:22:58,679 - \u0410\u043d\u043e\u043c\u0430\u043b\u044c\u043d\u043e\u0435 \u043f\u043e\u0432\u0435\u0434\u0435\u043d\u0438\u0435 \u043e\u0431\u043d\u0430\u0440\u0443\u0436\u0435\u043d\u043e \u0432 \u0438\u043d\u0434\u0435\u043a\u0441\u0435 248: [-0.89547072 -0.84697327  1.68391381  1.13449385 -0.83586769 -0.02813109
 -0.17895517 -1.07042345]
2024-06-06 21:22:58,679 - \u0410\u043d\u043e\u043c\u0430\u043b\u044c\u043d\u043e\u0435 \u043f\u043e\u0432\u0435\u0434\u0435\u043d\u0438\u0435 \u043e\u0431\u043d\u0430\u0440\u0443\u0436\u0435\u043d\u043e \u0432 \u0438\u043d\u0434\u0435\u043a\u0441\u0435 249: [-0.03290898  0.17493722 -0.01993448 -0.17493722  1.24420768 -0.02813109
 -1.40708629  0.77853808]
2024-06-06 21:22:58,680 - \u0410\u043d\u043e\u043c\u0430\u043b\u044c\u043d\u043e\u0435 \u043f\u043e\u0432\u0435\u0434\u0435\u043d\u0438\u0435 \u043e\u0431\u043d\u0430\u0440\u0443\u0436\u0435\u043d\u043e \u0432 \u0438\u043d\u0434\u0435\u043a\u0441\u0435 251: [-1.35966056 -0.7742271  -0.85378875 -1.02017844  1.65297778  1.19495975
 -0.48581575 -1.59677017]
2024-06-06 21:22:58,680 - \u0410\u043d\u043e\u043c\u0430\u043b\u044c\u043d\u043e\u0435 \u043f\u043e\u0432\u0435\u0434\u0435\u043d\u0438\u0435 \u043e\u0431\u043d\u0430\u0440\u0443\u0436\u0435\u043d\u043e \u0432 \u0438\u043d\u0434\u0435\u043a\u0441\u0435 253: [-0.20265005  0.61141424  0.17505436 -1.72339142  0.8735297   1.19495975
  1.22034285  0.40445471]
2024-06-06 21:22:58,680 - \u0410\u043d\u043e\u043c\u0430\u043b\u044c\u043d\u043e\u0435 \u043f\u043e\u0432\u0435\u0434\u0435\u043d\u0438\u0435 \u043e\u0431\u043d\u0430\u0440\u0443\u0436\u0435\u043d\u043e \u0432 \u0438\u043d\u0434\u0435\u043a\u0441\u0435 258: [-0.09179874 -0.02598078  1.66967537 -1.57097087 -1.13020137 -0.02813109
 -0.60532262 -0.77800861]
2024-06-06 21:22:58,680 - \u0410\u043d\u043e\u043c\u0430\u043b\u044c\u043d\u043e\u0435 \u043f\u043e\u0432\u0435\u0434\u0435\u043d\u0438\u0435 \u043e\u0431\u043d\u0430\u0440\u0443\u0436\u0435\u043d\u043e \u0432 \u0438\u043d\u0434\u0435\u043a\u0441\u0435 260: [ 0.68069631 -1.25227336 -1.07637426 -0.30310904  1.02397758 -1.25122193
  0.73267217  0.11342408]
2024-06-06 21:22:58,680 - \u0410\u043d\u043e\u043c\u0430\u043b\u044c\u043d\u043e\u0435 \u043f\u043e\u0432\u0435\u0434\u0435\u043d\u0438\u0435 \u043e\u0431\u043d\u0430\u0440\u0443\u0436\u0435\u043d\u043e \u0432 \u0438\u043d\u0434\u0435\u043a\u0441\u0435 261: [ 1.66103755  0.68416041  0.37630811  0.23036287 -0.29009398 -0.02813109
  0.31491472  1.37236514]
2024-06-06 21:22:58,680 - \u0410\u043d\u043e\u043c\u0430\u043b\u044c\u043d\u043e\u0435 \u043f\u043e\u0432\u0435\u0434\u0435\u043d\u0438\u0435 \u043e\u0431\u043d\u0430\u0440\u0443\u0436\u0435\u043d\u043e \u0432 \u0438\u043d\u0434\u0435\u043a\u0441\u0435 268: [-1.1864554   0.08487053  1.14797927  1.56057856  1.47516118  1.19495975
 -0.926648   -0.22086318]
2024-06-06 21:22:58,680 - \u0410\u043d\u043e\u043c\u0430\u043b\u044c\u043d\u043e\u0435 \u043f\u043e\u0432\u0435\u0434\u0435\u043d\u0438\u0435 \u043e\u0431\u043d\u0430\u0440\u0443\u0436\u0435\u043d\u043e \u0432 \u0438\u043d\u0434\u0435\u043a\u0441\u0435 272: [-0.63219886  0.35160649 -0.09516517 -0.63912707  1.51608087  1.19495975
 -0.30052844 -0.36343704]
2024-06-06 21:22:58,680 - \u0410\u043d\u043e\u043c\u0430\u043b\u044c\u043d\u043e\u0435 \u043f\u043e\u0432\u0435\u0434\u0435\u043d\u0438\u0435 \u043e\u0431\u043d\u0430\u0440\u0443\u0436\u0435\u043d\u043e \u0432 \u0438\u043d\u0434\u0435\u043a\u0441\u0435 274: [-1.71646321  1.73031962 -0.57844339 -1.56057856 -0.07023734 -1.25122193
 -1.68570605  1.13601089]
2024-06-06 21:22:58,680 - \u0410\u043d\u043e\u043c\u0430\u043b\u044c\u043d\u043e\u0435 \u043f\u043e\u0432\u0435\u0434\u0435\u043d\u0438\u0435 \u043e\u0431\u043d\u0430\u0440\u0443\u0436\u0435\u043d\u043e \u0432 \u0438\u043d\u0434\u0435\u043a\u0441\u0435 276: [-1.04442716  0.76729889 -0.50787255  0.01212436  1.01864255 -1.25122193
  1.20518924 -0.5959847 ]
2024-06-06 21:22:58,681 - \u0410\u043d\u043e\u043c\u0430\u043b\u044c\u043d\u043e\u0435 \u043f\u043e\u0432\u0435\u0434\u0435\u043d\u0438\u0435 \u043e\u0431\u043d\u0430\u0440\u0443\u0436\u0435\u043d\u043e \u0432 \u0438\u043d\u0434\u0435\u043a\u0441\u0435 277: [-1.32848363  0.65298348 -0.92798392  0.07101412  0.20227606  1.19495975
 -0.70623188 -1.58292805]
2024-06-06 21:22:58,681 - \u0410\u043d\u043e\u043c\u0430\u043b\u044c\u043d\u043e\u0435 \u043f\u043e\u0432\u0435\u0434\u0435\u043d\u0438\u0435 \u043e\u0431\u043d\u0430\u0440\u0443\u0436\u0435\u043d\u043e \u0432 \u0438\u043d\u0434\u0435\u043a\u0441\u0435 280: [-1.12756564  0.12643977  0.91726492 -0.0467654   0.73172457 -1.25122193
 -1.37505707  1.32530192]
2024-06-06 21:22:58,681 - \u0410\u043d\u043e\u043c\u0430\u043b\u044c\u043d\u043e\u0435 \u043f\u043e\u0432\u0435\u0434\u0435\u043d\u0438\u0435 \u043e\u0431\u043d\u0430\u0440\u0443\u0436\u0435\u043d\u043e \u0432 \u0438\u043d\u0434\u0435\u043a\u0441\u0435 281: [ 0.69801682 -1.42201442 -1.35596526 -1.00285792 -1.20313124 -0.02813109
  0.99303872  0.40618498]
2024-06-06 21:22:58,681 - \u0410\u043d\u043e\u043c\u0430\u043b\u044c\u043d\u043e\u0435 \u043f\u043e\u0432\u0435\u0434\u0435\u043d\u0438\u0435 \u043e\u0431\u043d\u0430\u0440\u0443\u0436\u0435\u043d\u043e \u0432 \u0438\u043d\u0434\u0435\u043a\u0441\u0435 282: [-1.03057075  1.52940163  0.36988787  1.06174768 -1.45697204  1.19495975
 -1.47148912  1.67412341]
2024-06-06 21:22:58,681 - \u0410\u043d\u043e\u043c\u0430\u043b\u044c\u043d\u043e\u0435 \u043f\u043e\u0432\u0435\u0434\u0435\u043d\u0438\u0435 \u043e\u0431\u043d\u0430\u0440\u0443\u0436\u0435\u043d\u043e \u0432 \u0438\u043d\u0434\u0435\u043a\u0441\u0435 283: [ 0.88854251 -1.39083749  0.26819959  0.02598078  1.56815078 -0.02813109
  0.59766729 -0.48386351]
2024-06-06 21:22:58,681 - \u0410\u043d\u043e\u043c\u0430\u043b\u044c\u043d\u043e\u0435 \u043f\u043e\u0432\u0435\u0434\u0435\u043d\u0438\u0435 \u043e\u0431\u043d\u0430\u0440\u0443\u0436\u0435\u043d\u043e \u0432 \u0438\u043d\u0434\u0435\u043a\u0441\u0435 284: [ 1.45665546 -0.89547072  1.27995658 -0.84350917  0.8731029  -0.02813109
  0.11826221  0.15391229]
2024-06-06 21:22:58,681 - \u0410\u043d\u043e\u043c\u0430\u043b\u044c\u043d\u043e\u0435 \u043f\u043e\u0432\u0435\u0434\u0435\u043d\u0438\u0435 \u043e\u0431\u043d\u0430\u0440\u0443\u0436\u0435\u043d\u043e \u0432 \u0438\u043d\u0434\u0435\u043a\u0441\u0435 287: [-0.7776912  -1.38044518  0.11116264  1.6056119   1.04019608 -0.02813109
 -1.58445239  0.57644309]
2024-06-06 21:22:58,681 - \u0410\u043d\u043e\u043c\u0430\u043b\u044c\u043d\u043e\u0435 \u043f\u043e\u0432\u0435\u0434\u0435\u043d\u0438\u0435 \u043e\u0431\u043d\u0430\u0440\u0443\u0436\u0435\u043d\u043e \u0432 \u0438\u043d\u0434\u0435\u043a\u0441\u0435 292: [-0.53520397 -1.45665546 -1.04349643  1.07906819  0.69944763 -1.25122193
  1.45591259 -1.44000813]
2024-06-06 21:22:58,681 - \u0410\u043d\u043e\u043c\u0430\u043b\u044c\u043d\u043e\u0435 \u043f\u043e\u0432\u0435\u0434\u0435\u043d\u0438\u0435 \u043e\u0431\u043d\u0430\u0440\u0443\u0436\u0435\u043d\u043e \u0432 \u0438\u043d\u0434\u0435\u043a\u0441\u0435 294: [-0.40010394  1.68182218 -1.21306319 -1.5016888  -0.32461164 -1.25122193
  0.59663409  0.84982501]
2024-06-06 21:22:58,682 - \u0410\u043d\u043e\u043c\u0430\u043b\u044c\u043d\u043e\u0435 \u043f\u043e\u0432\u0435\u0434\u0435\u043d\u0438\u0435 \u043e\u0431\u043d\u0430\u0440\u0443\u0436\u0435\u043d\u043e \u0432 \u0438\u043d\u0434\u0435\u043a\u0441\u0435 295: [ 1.36658877 -0.40356804  1.34799039  0.6772322  -0.68371259 -0.02813109
 -1.11365731 -0.33609885]
2024-06-06 21:22:58,682 - \u0410\u043d\u043e\u043c\u0430\u043b\u044c\u043d\u043e\u0435 \u043f\u043e\u0432\u0435\u0434\u0435\u043d\u0438\u0435 \u043e\u0431\u043d\u0430\u0440\u0443\u0436\u0435\u043d\u043e \u0432 \u0438\u043d\u0434\u0435\u043a\u0441\u0435 298: [ 0.49017062 -0.18879363  1.5274464   0.51788345 -1.56815409 -0.02813109
 -0.5808702  -1.06246423]
